<?xml version="1.0" encoding="UTF-8"?>
<testsuite xmlns:xsi="http://www.w3.org/2001/XMLSchema-instance" xsi:noNamespaceSchemaLocation="https://maven.apache.org/surefire/maven-surefire-plugin/xsd/surefire-test-report.xsd" name="org.nuxeo.ecm.csv.core.operation.TestImportOperation" time="4.093" tests="1" errors="0" skipped="0" failures="0">
  <properties>
    <property name="gopherProxySet" value="false"/>
    <property name="awt.toolkit" value="sun.lwawt.macosx.LWCToolkit"/>
    <property name="java.specification.version" value="1.8"/>
    <property name="file.encoding.pkg" value="sun.io"/>
    <property name="sun.cpu.isalist" value=""/>
    <property name="nuxeo.test.vcs.server" value=""/>
    <property name="sun.jnu.encoding" value="UTF-8"/>
    <property name="java.class.path" value="/Users/mohamed/Desktop/nuxeo-csv/nuxeo-csv-core/target/test-classes:/Users/mohamed/Desktop/nuxeo-csv/nuxeo-csv-core/target/classes:/Users/mohamed/.m2/repository/org/nuxeo/ecm/core/nuxeo-core-api/10.10/nuxeo-core-api-10.10.jar:/Users/mohamed/.m2/repository/com/google/guava/guava/26.0-jre/guava-26.0-jre.jar:/Users/mohamed/.m2/repository/com/google/code/findbugs/jsr305/3.0.2/jsr305-3.0.2.jar:/Users/mohamed/.m2/repository/org/checkerframework/checker-qual/2.5.2/checker-qual-2.5.2.jar:/Users/mohamed/.m2/repository/com/google/errorprone/error_prone_annotations/2.1.3/error_prone_annotations-2.1.3.jar:/Users/mohamed/.m2/repository/com/google/j2objc/j2objc-annotations/1.1/j2objc-annotations-1.1.jar:/Users/mohamed/.m2/repository/org/codehaus/mojo/animal-sniffer-annotations/1.14/animal-sniffer-annotations-1.14.jar:/Users/mohamed/.m2/repository/commons-codec/commons-codec/1.11/commons-codec-1.11.jar:/Users/mohamed/.m2/repository/org/apache/commons/commons-lang3/3.8/commons-lang3-3.8.jar:/Users/mohamed/.m2/repository/org/apache/commons/commons-text/1.4/commons-text-1.4.jar:/Users/mohamed/.m2/repository/org/nuxeo/common/nuxeo-common/10.10/nuxeo-common-10.10.jar:/Users/mohamed/.m2/repository/xerces/xercesImpl/2.12.0/xercesImpl-2.12.0.jar:/Users/mohamed/.m2/repository/xml-apis/xml-apis/1.4.01/xml-apis-1.4.01.jar:/Users/mohamed/.m2/repository/org/nuxeo/ecm/core/nuxeo-core-schema/10.10/nuxeo-core-schema-10.10.jar:/Users/mohamed/.m2/repository/com/sun/xsom/xsom/20140925/xsom-20140925.jar:/Users/mohamed/.m2/repository/relaxngDatatype/relaxngDatatype/20020414/relaxngDatatype-20020414.jar:/Users/mohamed/.m2/repository/org/nuxeo/runtime/nuxeo-runtime/10.10/nuxeo-runtime-10.10.jar:/Users/mohamed/.m2/repository/com/fasterxml/jackson/dataformat/jackson-dataformat-properties/2.9.8/jackson-dataformat-properties-2.9.8.jar:/Users/mohamed/.m2/repository/org/nuxeo/runtime/nuxeo-runtime-kv/10.10/nuxeo-runtime-kv-10.10.jar:/Users/mohamed/.m2/repository/net/jodah/expiringmap/0.5.8/expiringmap-0.5.8.jar:/Users/mohamed/.m2/repository/javax/servlet/javax.servlet-api/4.0.1/javax.servlet-api-4.0.1.jar:/Users/mohamed/.m2/repository/javax/validation/validation-api/1.0.0.GA/validation-api-1.0.0.GA.jar:/Users/mohamed/.m2/repository/com/fasterxml/jackson/core/jackson-core/2.9.8/jackson-core-2.9.8.jar:/Users/mohamed/.m2/repository/com/fasterxml/jackson/core/jackson-databind/2.9.8/jackson-databind-2.9.8.jar:/Users/mohamed/.m2/repository/com/fasterxml/jackson/core/jackson-annotations/2.9.8/jackson-annotations-2.9.8.jar:/Users/mohamed/.m2/repository/org/nuxeo/ecm/core/nuxeo-core-cache/10.10/nuxeo-core-cache-10.10.jar:/Users/mohamed/.m2/repository/commons-collections/commons-collections/3.2.2/commons-collections-3.2.2.jar:/Users/mohamed/.m2/repository/com/google/inject/guice/3.0/guice-3.0.jar:/Users/mohamed/.m2/repository/aopalliance/aopalliance/1.0/aopalliance-1.0.jar:/Users/mohamed/.m2/repository/javax/inject/javax.inject/1/javax.inject-1.jar:/Users/mohamed/.m2/repository/org/nuxeo/runtime/nuxeo-runtime-pubsub/10.10/nuxeo-runtime-pubsub-10.10.jar:/Users/mohamed/.m2/repository/org/nuxeo/ecm/core/nuxeo-core-event/10.10/nuxeo-core-event-10.10.jar:/Users/mohamed/.m2/repository/org/nuxeo/runtime/nuxeo-runtime-reload/10.10/nuxeo-runtime-reload-10.10.jar:/Users/mohamed/.m2/repository/org/nuxeo/runtime/nuxeo-runtime-deploy/10.10/nuxeo-runtime-deploy-10.10.jar:/Users/mohamed/.m2/repository/org/nuxeo/runtime/nuxeo-runtime-management/10.10/nuxeo-runtime-management-10.10.jar:/Users/mohamed/.m2/repository/org/javasimon/javasimon-jmx/2.5.0/javasimon-jmx-2.5.0.jar:/Users/mohamed/.m2/repository/org/javasimon/javasimon-jdbc3/2.5.0/javasimon-jdbc3-2.5.0.jar:/Users/mohamed/.m2/repository/com/thoughtworks/xstream/xstream/1.4.10/xstream-1.4.10.jar:/Users/mohamed/.m2/repository/xpp3/xpp3/1.1.4c/xpp3-1.1.4c-clean.jar:/Users/mohamed/.m2/repository/org/osgi/org.osgi.core/4.2.0/org.osgi.core-4.2.0.jar:/Users/mohamed/.m2/repository/javax/transaction/jta/1.1/jta-1.1.jar:/Users/mohamed/.m2/repository/org/quartz-scheduler/quartz/2.3.0/quartz-2.3.0.jar:/Users/mohamed/.m2/repository/com/mchange/c3p0/0.9.5.2/c3p0-0.9.5.2.jar:/Users/mohamed/.m2/repository/com/mchange/mchange-commons-java/0.2.11/mchange-commons-java-0.2.11.jar:/Users/mohamed/.m2/repository/com/zaxxer/HikariCP-java6/2.3.13/HikariCP-java6-2.3.13.jar:/Users/mohamed/.m2/repository/io/dropwizard/metrics/metrics-core/4.0.3/metrics-core-4.0.3.jar:/Users/mohamed/.m2/repository/org/nuxeo/runtime/nuxeo-runtime-metrics/10.10/nuxeo-runtime-metrics-10.10.jar:/Users/mohamed/.m2/repository/io/dropwizard/metrics/metrics-graphite/4.0.3/metrics-graphite-4.0.3.jar:/Users/mohamed/.m2/repository/com/rabbitmq/amqp-client/4.4.1/amqp-client-4.4.1.jar:/Users/mohamed/.m2/repository/io/dropwizard/metrics/metrics-log4j2/4.0.3/metrics-log4j2-4.0.3.jar:/Users/mohamed/.m2/repository/io/dropwizard/metrics/metrics-jvm/4.0.3/metrics-jvm-4.0.3.jar:/Users/mohamed/.m2/repository/io/dropwizard/metrics/metrics-jmx/4.0.3/metrics-jmx-4.0.3.jar:/Users/mohamed/.m2/repository/com/readytalk/metrics3-statsd/4.2.0/metrics3-statsd-4.2.0.jar:/Users/mohamed/.m2/repository/com/readytalk/metrics-statsd-common/4.2.0/metrics-statsd-common-4.2.0.jar:/Users/mohamed/.m2/repository/org/nuxeo/lib/stream/nuxeo-stream/10.10/nuxeo-stream-10.10.jar:/Users/mohamed/.m2/repository/net/openhft/chronicle-queue/5.17.2/chronicle-queue-5.17.2.jar:/Users/mohamed/.m2/repository/net/openhft/chronicle-threads/2.17.1/chronicle-threads-2.17.1.jar:/Users/mohamed/.m2/repository/net/openhft/affinity/3.1.11/affinity-3.1.11.jar:/Users/mohamed/.m2/repository/net/openhft/chronicle-core/2.17.2/chronicle-core-2.17.2.jar:/Users/mohamed/.m2/repository/com/intellij/annotations/12.0/annotations-12.0.jar:/Users/mohamed/.m2/repository/net/openhft/chronicle-wire/2.17.7/chronicle-wire-2.17.7.jar:/Users/mohamed/.m2/repository/net/openhft/chronicle-bytes/2.17.8/chronicle-bytes-2.17.8.jar:/Users/mohamed/.m2/repository/org/jgrapht/jgrapht-core/1.0.1/jgrapht-core-1.0.1.jar:/Users/mohamed/.m2/repository/org/apache/kafka/kafka-clients/2.1.0/kafka-clients-2.1.0.jar:/Users/mohamed/.m2/repository/com/github/luben/zstd-jni/1.3.5-4/zstd-jni-1.3.5-4.jar:/Users/mohamed/.m2/repository/org/lz4/lz4-java/1.5.0/lz4-java-1.5.0.jar:/Users/mohamed/.m2/repository/org/xerial/snappy/snappy-java/1.1.7.2/snappy-java-1.1.7.2.jar:/Users/mohamed/.m2/repository/commons-cli/commons-cli/1.4/commons-cli-1.4.jar:/Users/mohamed/.m2/repository/org/apache/avro/avro/1.8.2/avro-1.8.2.jar:/Users/mohamed/.m2/repository/org/codehaus/jackson/jackson-core-asl/1.8.1/jackson-core-asl-1.8.1.jar:/Users/mohamed/.m2/repository/org/codehaus/jackson/jackson-mapper-asl/1.8.1/jackson-mapper-asl-1.8.1.jar:/Users/mohamed/.m2/repository/com/thoughtworks/paranamer/paranamer/2.7/paranamer-2.7.jar:/Users/mohamed/.m2/repository/org/apache/commons/commons-compress/1.18/commons-compress-1.18.jar:/Users/mohamed/.m2/repository/org/tukaani/xz/1.8/xz-1.8.jar:/Users/mohamed/.m2/repository/net/jodah/failsafe/1.1.0/failsafe-1.1.0.jar:/Users/mohamed/.m2/repository/io/confluent/kafka-avro-serializer/5.0.0/kafka-avro-serializer-5.0.0.jar:/Users/mohamed/.m2/repository/io/confluent/kafka-schema-registry-client/5.0.0/kafka-schema-registry-client-5.0.0.jar:/Users/mohamed/.m2/repository/org/nuxeo/runtime/nuxeo-runtime-stream/10.10/nuxeo-runtime-stream-10.10.jar:/Users/mohamed/.m2/repository/org/nuxeo/ecm/platform/nuxeo-platform-types-api/10.10/nuxeo-platform-types-api-10.10.jar:/Users/mohamed/.m2/repository/org/nuxeo/ecm/platform/nuxeo-platform-forms-layout-api/10.10/nuxeo-platform-forms-layout-api-10.10.jar:/Users/mohamed/.m2/repository/org/nuxeo/ecm/automation/nuxeo-automation-core/10.10/nuxeo-automation-core-10.10.jar:/Users/mohamed/.m2/repository/org/nuxeo/ecm/platform/nuxeo-platform-rendering/10.10/nuxeo-platform-rendering-10.10.jar:/Users/mohamed/.m2/repository/org/wikimodel/wem/2.0.2/wem-2.0.2.jar:/Users/mohamed/.m2/repository/net/java/dev/javacc/javacc/4.0/javacc-4.0.jar:/Users/mohamed/.m2/repository/org/nuxeo/ecm/platform/nuxeo-platform-convert/10.10/nuxeo-platform-convert-10.10.jar:/Users/mohamed/.m2/repository/commons-fileupload/commons-fileupload/1.3.3/commons-fileupload-1.3.3.jar:/Users/mohamed/.m2/repository/org/nuxeo/ecm/core/nuxeo-core-mimetype/10.10/nuxeo-core-mimetype-10.10.jar:/Users/mohamed/.m2/repository/jmimemagic/jmimemagic/0.1.2/jmimemagic-0.1.2.jar:/Users/mohamed/.m2/repository/oro/oro/2.0.8/oro-2.0.8.jar:/Users/mohamed/.m2/repository/org/nuxeo/ecm/platform/nuxeo-platform-commandline-executor/10.10/nuxeo-platform-commandline-executor-10.10.jar:/Users/mohamed/.m2/repository/com/cforcoding/jmd/jmd/0.8.1-tomasol-3e60e36137/jmd-0.8.1-tomasol-3e60e36137.jar:/Users/mohamed/.m2/repository/com/ibm/icu/icu4j/62.1/icu4j-62.1.jar:/Users/mohamed/.m2/repository/org/nuxeo/ecm/platform/nuxeo-platform-query-api/10.10/nuxeo-platform-query-api-10.10.jar:/Users/mohamed/.m2/repository/org/nuxeo/ecm/platform/nuxeo-platform-search-api/10.10/nuxeo-platform-search-api-10.10.jar:/Users/mohamed/.m2/repository/org/nuxeo/ecm/platform/nuxeo-platform-usermanager-api/10.10/nuxeo-platform-usermanager-api-10.10.jar:/Users/mohamed/.m2/repository/org/nuxeo/ecm/core/nuxeo-core/10.10/nuxeo-core-10.10.jar:/Users/mohamed/.m2/repository/org/nuxeo/runtime/nuxeo-runtime-migration/10.10/nuxeo-runtime-migration-10.10.jar:/Users/mohamed/.m2/repository/org/nuxeo/ecm/core/nuxeo-core-convert-api/10.10/nuxeo-core-convert-api-10.10.jar:/Users/mohamed/.m2/repository/javax/mail/mail/1.4.5/mail-1.4.5.jar:/Users/mohamed/.m2/repository/org/freemarker/freemarker/2.3.28/freemarker-2.3.28.jar:/Users/mohamed/.m2/repository/org/nuxeo/ecm/platform/nuxeo-platform-forms-layout-core/10.10/nuxeo-platform-forms-layout-core-10.10.jar:/Users/mohamed/.m2/repository/org/nuxeo/ecm/webengine/nuxeo-webengine-core/10.10/nuxeo-webengine-core-10.10.jar:/Users/mohamed/.m2/repository/com/sun/jersey/jersey-server/1.19.4/jersey-server-1.19.4.jar:/Users/mohamed/.m2/repository/com/sun/jersey/jersey-servlet/1.19.4/jersey-servlet-1.19.4.jar:/Users/mohamed/.m2/repository/org/nuxeo/ecm/platform/nuxeo-platform-versioning-api/10.10/nuxeo-platform-versioning-api-10.10.jar:/Users/mohamed/.m2/repository/org/nuxeo/build/nuxeo-apt-extensions/1.0/nuxeo-apt-extensions-1.0.jar:/Users/mohamed/.m2/repository/org/nuxeo/build/nuxeo-webengine-apt/1.2/nuxeo-webengine-apt-1.2.jar:/Users/mohamed/.m2/repository/org/nuxeo/ecm/platform/nuxeo-platform-actions-core/10.10/nuxeo-platform-actions-core-10.10.jar:/Users/mohamed/.m2/repository/org/mvel/mvel2/2.4.2.Final/mvel2-2.4.2.Final.jar:/Users/mohamed/.m2/repository/org/codehaus/groovy/groovy-all/2.4.12/groovy-all-2.4.12.jar:/Users/mohamed/.m2/repository/org/apache/pdfbox/pdfbox/1.8.16/pdfbox-1.8.16.jar:/Users/mohamed/.m2/repository/org/apache/pdfbox/fontbox/1.8.16/fontbox-1.8.16.jar:/Users/mohamed/.m2/repository/org/apache/pdfbox/jempbox/1.8.16/jempbox-1.8.16.jar:/Users/mohamed/.m2/repository/org/nuxeo/ecm/automation/nuxeo-automation-features/10.10/nuxeo-automation-features-10.10.jar:/Users/mohamed/.m2/repository/org/nuxeo/ecm/core/nuxeo-core-io/10.10/nuxeo-core-io-10.10.jar:/Users/mohamed/.m2/repository/jaxen/jaxen/1.1.6/jaxen-1.1.6.jar:/Users/mohamed/.m2/repository/org/nuxeo/ecm/core/nuxeo-core-el/10.10/nuxeo-core-el-10.10.jar:/Users/mohamed/.m2/repository/org/jboss/el/jboss-el/1.0_02.CR6/jboss-el-1.0_02.CR6.jar:/Users/mohamed/.m2/repository/org/nuxeo/ecm/core/nuxeo-core-persistence/10.10/nuxeo-core-persistence-10.10.jar:/Users/mohamed/.m2/repository/org/hibernate/hibernate-entitymanager/3.4.0.GA/hibernate-entitymanager-3.4.0.GA.jar:/Users/mohamed/.m2/repository/org/hibernate/hibernate-commons-annotations/3.1.0.GA/hibernate-commons-annotations-3.1.0.GA.jar:/Users/mohamed/.m2/repository/org/javassist/javassist/3.21.0-GA/javassist-3.21.0-GA.jar:/Users/mohamed/.m2/repository/org/nuxeo/ecm/platform/nuxeo-platform-uidgen-core/10.10/nuxeo-platform-uidgen-core-10.10.jar:/Users/mohamed/.m2/repository/org/nuxeo/ecm/platform/nuxeo-platform-relations-api/10.10/nuxeo-platform-relations-api-10.10.jar:/Users/mohamed/.m2/repository/org/nuxeo/ecm/platform/nuxeo-platform-filemanager-api/10.10/nuxeo-platform-filemanager-api-10.10.jar:/Users/mohamed/.m2/repository/org/nuxeo/ecm/platform/nuxeo-platform-userworkspace-api/10.10/nuxeo-platform-userworkspace-api-10.10.jar:/Users/mohamed/.m2/repository/org/nuxeo/ecm/platform/nuxeo-platform-directory-api/10.10/nuxeo-platform-directory-api-10.10.jar:/Users/mohamed/.m2/repository/org/nuxeo/ecm/platform/nuxeo-platform-directory-core/10.10/nuxeo-platform-directory-core-10.10.jar:/Users/mohamed/.m2/repository/org/nuxeo/ecm/platform/nuxeo-platform-audit-api/10.10/nuxeo-platform-audit-api-10.10.jar:/Users/mohamed/.m2/repository/org/nuxeo/ecm/platform/nuxeo-platform-audit-core/10.10/nuxeo-platform-audit-core-10.10.jar:/Users/mohamed/.m2/repository/org/hibernate/hibernate-annotations/3.4.0.GA/hibernate-annotations-3.4.0.GA.jar:/Users/mohamed/.m2/repository/org/nuxeo/ecm/platform/nuxeo-platform-collections-core/10.10/nuxeo-platform-collections-core-10.10.jar:/Users/mohamed/.m2/repository/org/nuxeo/ecm/platform/nuxeo-platform-collections-core/10.10/nuxeo-platform-collections-core-10.10-tests.jar:/Users/mohamed/.m2/repository/org/nuxeo/ecm/platform/nuxeo-platform-notification-api/10.10/nuxeo-platform-notification-api-10.10.jar:/Users/mohamed/.m2/repository/org/nuxeo/ecm/platform/nuxeo-platform-notification-core/10.10/nuxeo-platform-notification-core-10.10.jar:/Users/mohamed/.m2/repository/org/nuxeo/ecm/platform/nuxeo-platform-url-api/10.10/nuxeo-platform-url-api-10.10.jar:/Users/mohamed/.m2/repository/org/nuxeo/ecm/platform/nuxeo-platform-api/10.10/nuxeo-platform-api-10.10.jar:/Users/mohamed/.m2/repository/org/nuxeo/ecm/core/nuxeo-core-bulk/10.10/nuxeo-core-bulk-10.10.jar:/Users/mohamed/.m2/repository/com/google/code/externalsortinginjava/externalsortinginjava/0.2.5/externalsortinginjava-0.2.5.jar:/Users/mohamed/.m2/repository/org/apache/commons/commons-collections4/4.1/commons-collections4-4.1.jar:/Users/mohamed/.m2/repository/javax/persistence/persistence-api/1.0.2/persistence-api-1.0.2.jar:/Users/mohamed/.m2/repository/com/sun/jersey/contribs/jersey-multipart/1.19.4/jersey-multipart-1.19.4.jar:/Users/mohamed/.m2/repository/org/jvnet/mimepull/mimepull/1.9.3/mimepull-1.9.3.jar:/Users/mohamed/.m2/repository/com/sun/jersey/jersey-client/1.19.4/jersey-client-1.19.4.jar:/Users/mohamed/.m2/repository/org/nuxeo/ecm/core/nuxeo-core-query/10.10/nuxeo-core-query-10.10.jar:/Users/mohamed/.m2/repository/cup/java-cup/0.11a/java-cup-0.11a.jar:/Users/mohamed/.m2/repository/commons-io/commons-io/2.6/commons-io-2.6.jar:/Users/mohamed/.m2/repository/org/apache/commons/commons-csv/1.5/commons-csv-1.5.jar:/Users/mohamed/.m2/repository/org/nuxeo/ecm/core/nuxeo-core-test/10.10/nuxeo-core-test-10.10.jar:/Users/mohamed/.m2/repository/org/nuxeo/runtime/nuxeo-runtime-osgi/10.10/nuxeo-runtime-osgi-10.10.jar:/Users/mohamed/.m2/repository/org/nuxeo/runtime/nuxeo-runtime-mongodb/10.10/nuxeo-runtime-mongodb-10.10.jar:/Users/mohamed/.m2/repository/org/mongodb/mongo-java-driver/3.8.1/mongo-java-driver-3.8.1.jar:/Users/mohamed/.m2/repository/org/apache/httpcomponents/httpcore/4.4.10/httpcore-4.4.10.jar:/Users/mohamed/.m2/repository/org/nuxeo/runtime/nuxeo-runtime-test/10.10/nuxeo-runtime-test-10.10.jar:/Users/mohamed/.m2/repository/io/github/lukehutch/fast-classpath-scanner/2.0.4/fast-classpath-scanner-2.0.4.jar:/Users/mohamed/.m2/repository/com/tngtech/jgiven/jgiven-core/0.16.0/jgiven-core-0.16.0.jar:/Users/mohamed/.m2/repository/com/google/code/gson/gson/2.2.2/gson-2.2.2.jar:/Users/mohamed/.m2/repository/net/bytebuddy/byte-buddy/1.8.11/byte-buddy-1.8.11.jar:/Users/mohamed/.m2/repository/org/fusesource/jansi/jansi/1.17.1/jansi-1.17.1.jar:/Users/mohamed/.m2/repository/com/tngtech/jgiven/jgiven-junit/0.16.0/jgiven-junit-0.16.0.jar:/Users/mohamed/.m2/repository/com/tngtech/jgiven/jgiven-html5-report/0.16.0/jgiven-html5-report-0.16.0.jar:/Users/mohamed/.m2/repository/com/tngtech/jgiven/jgiven-html-app/0.16.0/jgiven-html-app-0.16.0.jar:/Users/mohamed/.m2/repository/com/tngtech/java/junit-dataprovider/1.13.1/junit-dataprovider-1.13.1.jar:/Users/mohamed/.m2/repository/org/jmock/jmock/2.8.4/jmock-2.8.4.jar:/Users/mohamed/.m2/repository/org/jmock/jmock-testjar/2.8.4/jmock-testjar-2.8.4.jar:/Users/mohamed/.m2/repository/org/apache-extras/beanshell/bsh/2.0b6/bsh-2.0b6.jar:/Users/mohamed/.m2/repository/org/hamcrest/hamcrest-library/1.3/hamcrest-library-1.3.jar:/Users/mohamed/.m2/repository/org/assertj/assertj-core/3.8.0/assertj-core-3.8.0.jar:/Users/mohamed/.m2/repository/org/mockito/mockito-core/1.9.5/mockito-core-1.9.5.jar:/Users/mohamed/.m2/repository/org/objenesis/objenesis/1.0/objenesis-1.0.jar:/Users/mohamed/.m2/repository/org/nuxeo/runtime/nuxeo-runtime-server/10.10/nuxeo-runtime-server-10.10.jar:/Users/mohamed/.m2/repository/org/apache/tomcat/tomcat-catalina/9.0.14/tomcat-catalina-9.0.14.jar:/Users/mohamed/.m2/repository/org/apache/tomcat/tomcat-jsp-api/9.0.14/tomcat-jsp-api-9.0.14.jar:/Users/mohamed/.m2/repository/org/apache/tomcat/tomcat-annotations-api/9.0.14/tomcat-annotations-api-9.0.14.jar:/Users/mohamed/.m2/repository/org/apache/tomcat/tomcat-api/9.0.14/tomcat-api-9.0.14.jar:/Users/mohamed/.m2/repository/org/apache/tomcat/tomcat-jni/9.0.14/tomcat-jni-9.0.14.jar:/Users/mohamed/.m2/repository/org/apache/tomcat/tomcat-util-scan/9.0.14/tomcat-util-scan-9.0.14.jar:/Users/mohamed/.m2/repository/org/apache/tomcat/tomcat-jaspic-api/9.0.14/tomcat-jaspic-api-9.0.14.jar:/Users/mohamed/.m2/repository/org/apache/tomcat/tomcat-coyote/9.0.14/tomcat-coyote-9.0.14.jar:/Users/mohamed/.m2/repository/org/apache/tomcat/tomcat-util/9.0.14/tomcat-util-9.0.14.jar:/Users/mohamed/.m2/repository/org/apache/tomcat/tomcat-jasper/9.0.14/tomcat-jasper-9.0.14.jar:/Users/mohamed/.m2/repository/org/apache/tomcat/tomcat-el-api/9.0.14/tomcat-el-api-9.0.14.jar:/Users/mohamed/.m2/repository/org/eclipse/jdt/ecj/3.15.0/ecj-3.15.0.jar:/Users/mohamed/.m2/repository/org/apache/tomcat/tomcat-jasper-el/9.0.14/tomcat-jasper-el-9.0.14.jar:/Users/mohamed/.m2/repository/org/seleniumhq/selenium/selenium-api/2.53.0/selenium-api-2.53.0.jar:/Users/mohamed/.m2/repository/org/seleniumhq/selenium/selenium-support/2.53.0/selenium-support-2.53.0.jar:/Users/mohamed/.m2/repository/org/seleniumhq/selenium/selenium-remote-driver/2.53.0/selenium-remote-driver-2.53.0.jar:/Users/mohamed/.m2/repository/cglib/cglib-nodep/2.2.2/cglib-nodep-2.2.2.jar:/Users/mohamed/.m2/repository/org/seleniumhq/selenium/selenium-firefox-driver/2.53.0/selenium-firefox-driver-2.53.0.jar:/Users/mohamed/.m2/repository/org/apache/commons/commons-exec/1.3/commons-exec-1.3.jar:/Users/mohamed/.m2/repository/org/seleniumhq/selenium/selenium-ie-driver/2.53.0/selenium-ie-driver-2.53.0.jar:/Users/mohamed/.m2/repository/net/java/dev/jna/jna/4.5.2/jna-4.5.2.jar:/Users/mohamed/.m2/repository/net/java/dev/jna/jna-platform/4.5.2/jna-platform-4.5.2.jar:/Users/mohamed/.m2/repository/org/seleniumhq/selenium/selenium-chrome-driver/2.53.0/selenium-chrome-driver-2.53.0.jar:/Users/mohamed/.m2/repository/org/seleniumhq/selenium/htmlunit-driver/2.20/htmlunit-driver-2.20.jar:/Users/mohamed/.m2/repository/net/sourceforge/htmlunit/htmlunit/2.20/htmlunit-2.20.jar:/Users/mohamed/.m2/repository/xalan/xalan/2.7.2/xalan-2.7.2.jar:/Users/mohamed/.m2/repository/xalan/serializer/2.7.2/serializer-2.7.2.jar:/Users/mohamed/.m2/repository/org/apache/httpcomponents/httpmime/4.5.6/httpmime-4.5.6.jar:/Users/mohamed/.m2/repository/net/sourceforge/htmlunit/htmlunit-core-js/2.17/htmlunit-core-js-2.17.jar:/Users/mohamed/.m2/repository/net/sourceforge/nekohtml/nekohtml/1.9.22/nekohtml-1.9.22.jar:/Users/mohamed/.m2/repository/net/sourceforge/cssparser/cssparser/0.9.18/cssparser-0.9.18.jar:/Users/mohamed/.m2/repository/org/eclipse/jetty/websocket/websocket-client/9.2.15.v20160210/websocket-client-9.2.15.v20160210.jar:/Users/mohamed/.m2/repository/org/eclipse/jetty/jetty-util/9.2.15.v20160210/jetty-util-9.2.15.v20160210.jar:/Users/mohamed/.m2/repository/org/eclipse/jetty/jetty-io/9.2.15.v20160210/jetty-io-9.2.15.v20160210.jar:/Users/mohamed/.m2/repository/org/eclipse/jetty/websocket/websocket-common/9.2.15.v20160210/websocket-common-9.2.15.v20160210.jar:/Users/mohamed/.m2/repository/org/eclipse/jetty/websocket/websocket-api/9.2.15.v20160210/websocket-api-9.2.15.v20160210.jar:/Users/mohamed/.m2/repository/org/concordion/concordion/1.3.0/concordion-1.3.0.jar:/Users/mohamed/.m2/repository/ognl/ognl/2.7.2/ognl-2.7.2.jar:/Users/mohamed/.m2/repository/xom/xom/1.2.5/xom-1.2.5.jar:/Users/mohamed/.m2/repository/org/ow2/asm/asm/6.2.1/asm-6.2.1.jar:/Users/mohamed/.m2/repository/concurrent/concurrent/1.3.4/concurrent-1.3.4.jar:/Users/mohamed/.m2/repository/org/nuxeo/runtime/nuxeo-runtime-stream/10.10/nuxeo-runtime-stream-10.10-tests.jar:/Users/mohamed/.m2/repository/org/jmock/jmock-junit4/2.8.4/jmock-junit4-2.8.4.jar:/Users/mohamed/.m2/repository/org/nuxeo/ecm/core/nuxeo-core-io/10.10/nuxeo-core-io-10.10-tests.jar:/Users/mohamed/.m2/repository/org/nuxeo/ecm/core/nuxeo-core-bulk/10.10/nuxeo-core-bulk-10.10-tests.jar:/Users/mohamed/.m2/repository/org/nuxeo/ecm/core/nuxeo-core-event/10.10/nuxeo-core-event-10.10-tests.jar:/Users/mohamed/.m2/repository/org/nuxeo/ecm/core/nuxeo-core-convert/10.10/nuxeo-core-convert-10.10.jar:/Users/mohamed/.m2/repository/org/nuxeo/ecm/core/nuxeo-core-convert-plugins/10.10/nuxeo-core-convert-plugins-10.10.jar:/Users/mohamed/.m2/repository/net/htmlparser/jericho/jericho-html/3.4/jericho-html-3.4.jar:/Users/mohamed/.m2/repository/org/apache/poi/poi/3.17/poi-3.17.jar:/Users/mohamed/.m2/repository/org/apache/poi/poi-ooxml/3.17/poi-ooxml-3.17.jar:/Users/mohamed/.m2/repository/org/apache/poi/poi-ooxml-schemas/3.17/poi-ooxml-schemas-3.17.jar:/Users/mohamed/.m2/repository/com/github/virtuald/curvesapi/1.04/curvesapi-1.04.jar:/Users/mohamed/.m2/repository/org/apache/poi/poi-scratchpad/3.17/poi-scratchpad-3.17.jar:/Users/mohamed/.m2/repository/org/apache/xmlbeans/xmlbeans/3.0.1/xmlbeans-3.0.1.jar:/Users/mohamed/.m2/repository/org/nuxeo/ecm/core/nuxeo-core-storage/10.10/nuxeo-core-storage-10.10.jar:/Users/mohamed/.m2/repository/org/nuxeo/ecm/core/nuxeo-core-storage-sql/10.10/nuxeo-core-storage-sql-10.10.jar:/Users/mohamed/.m2/repository/net/sf/ehcache/ehcache-core/2.6.11/ehcache-core-2.6.11.jar:/Users/mohamed/.m2/repository/org/nuxeo/ecm/core/nuxeo-core-storage-sql-test/10.10/nuxeo-core-storage-sql-test-10.10.jar:/Users/mohamed/.m2/repository/org/nuxeo/lib/core/nuxeo-core-storage-sql-extensions/10.10/nuxeo-core-storage-sql-extensions-10.10.jar:/Users/mohamed/.m2/repository/com/h2database/h2/1.4.177-NX01/h2-1.4.177-NX01.jar:/Users/mohamed/.m2/repository/org/apache/lucene/lucene-core/7.5.0/lucene-core-7.5.0.jar:/Users/mohamed/.m2/repository/org/apache/lucene/lucene-queryparser/7.5.0/lucene-queryparser-7.5.0.jar:/Users/mohamed/.m2/repository/org/apache/lucene/lucene-queries/7.5.0/lucene-queries-7.5.0.jar:/Users/mohamed/.m2/repository/org/apache/lucene/lucene-sandbox/7.5.0/lucene-sandbox-7.5.0.jar:/Users/mohamed/.m2/repository/org/apache/lucene/lucene-analyzers-common/7.5.0/lucene-analyzers-common-7.5.0.jar:/Users/mohamed/.m2/repository/org/apache/derby/derby/10.14.2.0/derby-10.14.2.0.jar:/Users/mohamed/.m2/repository/org/postgresql/postgresql/42.2.5/postgresql-42.2.5.jar:/Users/mohamed/.m2/repository/mysql/mysql-connector-java/8.0.13/mysql-connector-java-8.0.13.jar:/Users/mohamed/.m2/repository/com/google/protobuf/protobuf-java/3.6.1/protobuf-java-3.6.1.jar:/Users/mohamed/.m2/repository/org/mariadb/jdbc/mariadb-java-client/1.7.4/mariadb-java-client-1.7.4.jar:/Users/mohamed/.m2/repository/com/microsoft/sqlserver/mssql-jdbc/7.0.0.jre8/mssql-jdbc-7.0.0.jre8.jar:/Users/mohamed/.m2/repository/org/nuxeo/ecm/core/nuxeo-core-storage-dbs/10.10/nuxeo-core-storage-dbs-10.10-tests.jar:/Users/mohamed/.m2/repository/org/nuxeo/ecm/core/nuxeo-core-storage-mem/10.10/nuxeo-core-storage-mem-10.10.jar:/Users/mohamed/.m2/repository/org/nuxeo/ecm/core/nuxeo-core-storage-dbs/10.10/nuxeo-core-storage-dbs-10.10.jar:/Users/mohamed/.m2/repository/org/nuxeo/ecm/core/nuxeo-core-storage-mongodb/10.10/nuxeo-core-storage-mongodb-10.10.jar:/Users/mohamed/.m2/repository/org/nuxeo/runtime/nuxeo-launcher-commons/10.10/nuxeo-launcher-commons-10.10.jar:/Users/mohamed/.m2/repository/org/nuxeo/connect/nuxeo-connect-client/1.7.5/nuxeo-connect-client-1.7.5.jar:/Users/mohamed/.m2/repository/org/eclipse/equinox/org.eclipse.equinox.p2.cudf/1.17-NX/org.eclipse.equinox.p2.cudf-1.17-NX.jar:/Users/mohamed/.m2/repository/org/sat4j/org.sat4j.pb/2.3.1/org.sat4j.pb-2.3.1.jar:/Users/mohamed/.m2/repository/org/sat4j/org.sat4j.core/2.3.1/org.sat4j.core-2.3.1.jar:/Users/mohamed/.m2/repository/org/eclipse/core/org.eclipse.core.jobs/3.5.0.v20100515/org.eclipse.core.jobs-3.5.0.v20100515.jar:/Users/mohamed/.m2/repository/org/eclipse/equinox/org.eclipse.equinox.common/3.6.0.v20100503/org.eclipse.equinox.common-3.6.0.v20100503.jar:/Users/mohamed/.m2/repository/org/json/json/20070829/json-20070829.jar:/Users/mohamed/.m2/repository/org/javasimon/javasimon-core/2.5.0/javasimon-core-2.5.0.jar:/Users/mohamed/.m2/repository/dumbster/dumbster/1.6/dumbster-1.6.jar:/Users/mohamed/.m2/repository/javax/activation/activation/1.0.2/activation-1.0.2.jar:/Users/mohamed/.m2/repository/org/nuxeo/ecm/core/nuxeo-core-cache/10.10/nuxeo-core-cache-10.10-tests.jar:/Users/mohamed/.m2/repository/org/nuxeo/ecm/platform/nuxeo-platform-test/10.10/nuxeo-platform-test-10.10.jar:/Users/mohamed/.m2/repository/org/nuxeo/lib/runtime/nuxeo-runtime-launcher/10.10/nuxeo-runtime-launcher-10.10.jar:/Users/mohamed/.m2/repository/org/nuxeo/ecm/platform/nuxeo-platform-directory-sql/10.10/nuxeo-platform-directory-sql-10.10.jar:/Users/mohamed/.m2/repository/org/nuxeo/ecm/platform/nuxeo-platform-directory-sql/10.10/nuxeo-platform-directory-sql-10.10-tests.jar:/Users/mohamed/.m2/repository/org/nuxeo/ecm/platform/nuxeo-platform-directory-mongodb/10.10/nuxeo-platform-directory-mongodb-10.10.jar:/Users/mohamed/.m2/repository/org/nuxeo/ecm/platform/nuxeo-platform-directory-multi/10.10/nuxeo-platform-directory-multi-10.10.jar:/Users/mohamed/.m2/repository/org/nuxeo/ecm/platform/nuxeo-platform-directory-test/10.10/nuxeo-platform-directory-test-10.10.jar:/Users/mohamed/.m2/repository/org/nuxeo/ecm/platform/nuxeo-platform-directory-test/10.10/nuxeo-platform-directory-test-10.10-tests.jar:/Users/mohamed/.m2/repository/org/nuxeo/ecm/core/nuxeo-core-test/10.10/nuxeo-core-test-10.10-tests.jar:/Users/mohamed/.m2/repository/org/nuxeo/ecm/platform/nuxeo-platform-login/10.10/nuxeo-platform-login-10.10-tests.jar:/Users/mohamed/.m2/repository/org/nuxeo/ecm/platform/nuxeo-platform-directory-types-contrib/10.10/nuxeo-platform-directory-types-contrib-10.10.jar:/Users/mohamed/.m2/repository/hsqldb/hsqldb/1.8.0.10/hsqldb-1.8.0.10.jar:/Users/mohamed/.m2/repository/org/nuxeo/ecm/platform/nuxeo-platform-content-template-manager/10.10/nuxeo-platform-content-template-manager-10.10.jar:/Users/mohamed/.m2/repository/org/nuxeo/ecm/platform/nuxeo-platform-filemanager-core/10.10/nuxeo-platform-filemanager-core-10.10.jar:/Users/mohamed/.m2/repository/org/nuxeo/ecm/platform/nuxeo-platform-usermanager-core/10.10/nuxeo-platform-usermanager-core-10.10.jar:/Users/mohamed/.m2/repository/org/nuxeo/ecm/platform/nuxeo-platform-directory-ldap/10.10/nuxeo-platform-directory-ldap-10.10.jar:/Users/mohamed/.m2/repository/org/apache/directory/server/apacheds-core/1.5.1/apacheds-core-1.5.1.jar:/Users/mohamed/.m2/repository/org/apache/directory/server/apacheds-schema-bootstrap/1.5.1/apacheds-schema-bootstrap-1.5.1.jar:/Users/mohamed/.m2/repository/jdbm/jdbm/1.0/jdbm-1.0.jar:/Users/mohamed/.m2/repository/org/apache/directory/server/apacheds-schema-registries/1.5.1/apacheds-schema-registries-1.5.1.jar:/Users/mohamed/.m2/repository/org/apache/directory/server/apacheds-core-shared/1.5.1/apacheds-core-shared-1.5.1.jar:/Users/mohamed/.m2/repository/org/apache/directory/server/apacheds-utils/1.5.1/apacheds-utils-1.5.1.jar:/Users/mohamed/.m2/repository/org/apache/directory/server/apacheds-jdbm-store/1.5.1/apacheds-jdbm-store-1.5.1.jar:/Users/mohamed/.m2/repository/org/apache/directory/server/apacheds-constants/1.5.1/apacheds-constants-1.5.1.jar:/Users/mohamed/.m2/repository/org/apache/directory/server/apacheds-btree-base/1.5.1/apacheds-btree-base-1.5.1.jar:/Users/mohamed/.m2/repository/org/apache/directory/server/apacheds-bootstrap-extract/1.5.1/apacheds-bootstrap-extract-1.5.1.jar:/Users/mohamed/.m2/repository/org/apache/directory/server/apacheds-kerberos-shared/1.5.1/apacheds-kerberos-shared-1.5.1.jar:/Users/mohamed/.m2/repository/org/apache/mina/mina-core/1.1.2/mina-core-1.1.2.jar:/Users/mohamed/.m2/repository/org/apache/directory/server/apacheds-protocol-shared/1.5.1/apacheds-protocol-shared-1.5.1.jar:/Users/mohamed/.m2/repository/org/apache/directory/shared/shared-ldap/0.9.7/shared-ldap-0.9.7.jar:/Users/mohamed/.m2/repository/commons-lang/commons-lang/2.6/commons-lang-2.6.jar:/Users/mohamed/.m2/repository/org/apache/directory/shared/shared-asn1/0.9.7/shared-asn1-0.9.7.jar:/Users/mohamed/.m2/repository/org/apache/directory/shared/shared-ldap-constants/0.9.7/shared-ldap-constants-0.9.7.jar:/Users/mohamed/.m2/repository/org/hibernate/hibernate-core/3.3.2.GA/hibernate-core-3.3.2.GA.jar:/Users/mohamed/.m2/repository/antlr/antlr/2.7.7/antlr-2.7.7.jar:/Users/mohamed/.m2/repository/org/nuxeo/ecm/platform/nuxeo-platform-login/10.10/nuxeo-platform-login-10.10.jar:/Users/mohamed/.m2/repository/org/nuxeo/ecm/platform/nuxeo-platform-web-common/10.10/nuxeo-platform-web-common-10.10.jar:/Users/mohamed/.m2/repository/org/nuxeo/ecm/core/nuxeo-core-management/10.10/nuxeo-core-management-10.10.jar:/Users/mohamed/.m2/repository/javax/servlet/jsp/jsp-api/2.2/jsp-api-2.2.jar:/Users/mohamed/.m2/repository/org/dom4j/dom4j/2.1.1/dom4j-2.1.1.jar:/Users/mohamed/.m2/repository/org/apache/httpcomponents/httpclient/4.5.6/httpclient-4.5.6.jar:/Users/mohamed/.m2/repository/com/thetransactioncompany/cors-filter/2.6/cors-filter-2.6.jar:/Users/mohamed/.m2/repository/com/thetransactioncompany/java-property-utils/1.9.1/java-property-utils-1.9.1.jar:/Users/mohamed/.m2/repository/com/sun/jersey/jersey-core/1.19.4/jersey-core-1.19.4.jar:/Users/mohamed/.m2/repository/javax/ws/rs/jsr311-api/1.1.1/jsr311-api-1.1.1.jar:/Users/mohamed/.m2/repository/org/nuxeo/runtime/nuxeo-runtime-jtajca/10.10/nuxeo-runtime-jtajca-10.10.jar:/Users/mohamed/.m2/repository/commons-beanutils/commons-beanutils/1.9.3/commons-beanutils-1.9.3.jar:/Users/mohamed/.m2/repository/javax/resource/connector-api/1.5/connector-api-1.5.jar:/Users/mohamed/.m2/repository/org/apache/geronimo/components/geronimo-connector/2.2.1-NX1/geronimo-connector-2.2.1-NX1.jar:/Users/mohamed/.m2/repository/org/tranql/tranql-connector/1.8/tranql-connector-1.8.jar:/Users/mohamed/.m2/repository/org/apache/geronimo/components/geronimo-transaction/2.2.1/geronimo-transaction-2.2.1.jar:/Users/mohamed/.m2/repository/org/objectweb/howl/howl/1.0.1-1/howl-1.0.1-1.jar:/Users/mohamed/.m2/repository/org/apache/xbean/xbean-naming/3.18/xbean-naming-3.18.jar:/Users/mohamed/.m2/repository/org/nuxeo/ecm/core/nuxeo-core-management-jtajca/10.10/nuxeo-core-management-jtajca-10.10.jar:/Users/mohamed/.m2/repository/commons-dbcp/commons-dbcp/1.4/commons-dbcp-1.4.jar:/Users/mohamed/.m2/repository/commons-pool/commons-pool/1.5.4/commons-pool-1.5.4.jar:/Users/mohamed/.m2/repository/org/apache/tomcat/tomcat-dbcp/9.0.14/tomcat-dbcp-9.0.14.jar:/Users/mohamed/.m2/repository/org/apache/tomcat/tomcat-juli/9.0.14/tomcat-juli-9.0.14.jar:/Users/mohamed/.m2/repository/org/nuxeo/runtime/nuxeo-runtime-datasource/10.10/nuxeo-runtime-datasource-10.10.jar:/Users/mohamed/.m2/repository/org/apache/tomcat/tomcat-jdbc/9.0.14/tomcat-jdbc-9.0.14.jar:/Users/mohamed/.m2/repository/org/nuxeo/ecm/platform/nuxeo-platform-types-core/10.10/nuxeo-platform-types-core-10.10.jar:/Users/mohamed/.m2/repository/org/nuxeo/ecm/platform/nuxeo-platform-dublincore/10.10/nuxeo-platform-dublincore-10.10.jar:/Users/mohamed/.m2/repository/org/nuxeo/ecm/automation/nuxeo-automation-server/10.10/nuxeo-automation-server-10.10.jar:/Users/mohamed/.m2/repository/org/nuxeo/ecm/automation/nuxeo-automation-io/10.10/nuxeo-automation-io-10.10.jar:/Users/mohamed/.m2/repository/org/nuxeo/ecm/platform/nuxeo-platform-tag-api/10.10/nuxeo-platform-tag-api-10.10.jar:/Users/mohamed/.m2/repository/org/yaml/snakeyaml/1.21/snakeyaml-1.21.jar:/Users/mohamed/.m2/repository/org/nuxeo/ecm/platform/nuxeo-platform-forms-layout-export/10.10/nuxeo-platform-forms-layout-export-10.10.jar:/Users/mohamed/.m2/repository/org/nuxeo/ecm/platform/nuxeo-preview-core/10.10/nuxeo-preview-core-10.10.jar:/Users/mohamed/.m2/repository/org/nuxeo/ecm/platform/nuxeo-platform-htmlsanitizer/10.10/nuxeo-platform-htmlsanitizer-10.10.jar:/Users/mohamed/.m2/repository/com/googlecode/owasp-java-html-sanitizer/owasp-java-html-sanitizer/20190103.NX1/owasp-java-html-sanitizer-20190103.NX1.jar:/Users/mohamed/.m2/repository/org/w3c/css/sac/1.3/sac-1.3.jar:/Users/mohamed/.m2/repository/org/restlet/jse/org.restlet/2.4.1/org.restlet-2.4.1.jar:/Users/mohamed/.m2/repository/org/nuxeo/ecm/platform/nuxeo-invite/10.10/nuxeo-invite-10.10.jar:/Users/mohamed/.m2/repository/org/nuxeo/ecm/webengine/nuxeo-webengine-jaxrs/10.10/nuxeo-webengine-jaxrs-10.10.jar:/Users/mohamed/.m2/repository/org/osgi/org.osgi.compendium/4.2.0/org.osgi.compendium-4.2.0.jar:/Users/mohamed/.m2/repository/com/sun/activation/javax.activation/1.2.0/javax.activation-1.2.0.jar:/Users/mohamed/.m2/repository/joda-time/joda-time/2.10/joda-time-2.10.jar:/Users/mohamed/.m2/repository/org/nuxeo/ecm/webengine/nuxeo-webengine-base/10.10/nuxeo-webengine-base-10.10.jar:/Users/mohamed/.m2/repository/org/nuxeo/ecm/platform/nuxeo-platform-comment-api/10.10/nuxeo-platform-comment-api-10.10.jar:/Users/mohamed/.m2/repository/commons-logging/commons-logging/1.2/commons-logging-1.2.jar:/Users/mohamed/.m2/repository/org/apache/logging/log4j/log4j-api/2.11.1/log4j-api-2.11.1.jar:/Users/mohamed/.m2/repository/org/apache/logging/log4j/log4j-core/2.11.1/log4j-core-2.11.1.jar:/Users/mohamed/.m2/repository/org/apache/logging/log4j/log4j-jcl/2.11.1/log4j-jcl-2.11.1.jar:/Users/mohamed/.m2/repository/org/apache/logging/log4j/log4j-slf4j-impl/2.11.1/log4j-slf4j-impl-2.11.1.jar:/Users/mohamed/.m2/repository/org/slf4j/slf4j-api/1.7.25/slf4j-api-1.7.25.jar:/Users/mohamed/.m2/repository/org/apache/logging/log4j/log4j-1.2-api/2.11.1/log4j-1.2-api-2.11.1.jar:/Users/mohamed/.m2/repository/junit/junit/4.12/junit-4.12.jar:/Users/mohamed/.m2/repository/org/hamcrest/hamcrest-core/1.3/hamcrest-core-1.3.jar:"/>
    <property name="java.vm.vendor" value="Oracle Corporation"/>
    <property name="sun.arch.data.model" value="64"/>
    <property name="java.vendor.url" value="http://java.oracle.com/"/>
    <property name="user.timezone" value=""/>
    <property name="nuxeo.test.vcs.password" value=""/>
    <property name="net.sourceforge.cobertura.datafile" value="/Users/mohamed/Desktop/nuxeo-csv/nuxeo-csv-core/target/cobertura/cobertura.ser"/>
    <property name="os.name" value="Mac OS X"/>
    <property name="java.vm.specification.version" value="1.8"/>
    <property name="nuxeo.test.marklogic.port" value=""/>
    <property name="sun.java.launcher" value="SUN_STANDARD"/>
    <property name="user.country" value="TN"/>
    <property name="nuxeo.test.mongodb.server" value=""/>
    <property name="nuxeo.test.mongodb.dbname" value=""/>
    <property name="sun.boot.library.path" value="/Library/Java/JavaVirtualMachines/jdk1.8.0_172.jdk/Contents/Home/jre/lib"/>
    <property name="sun.java.command" value="/Users/mohamed/Desktop/nuxeo-csv/nuxeo-csv-core/target/surefire/surefirebooter6456588364645765428.jar /Users/mohamed/Desktop/nuxeo-csv/nuxeo-csv-core/target/surefire 2020-01-28T09-17-18_115-jvmRun1 surefire4281817672102060618tmp surefire_077449228615818222tmp"/>
    <property name="http.nonProxyHosts" value="local|*.local|169.254/16|*.169.254/16"/>
    <property name="surefire.test.class.path" value="/Users/mohamed/Desktop/nuxeo-csv/nuxeo-csv-core/target/test-classes:/Users/mohamed/Desktop/nuxeo-csv/nuxeo-csv-core/target/classes:/Users/mohamed/.m2/repository/org/nuxeo/ecm/core/nuxeo-core-api/10.10/nuxeo-core-api-10.10.jar:/Users/mohamed/.m2/repository/com/google/guava/guava/26.0-jre/guava-26.0-jre.jar:/Users/mohamed/.m2/repository/com/google/code/findbugs/jsr305/3.0.2/jsr305-3.0.2.jar:/Users/mohamed/.m2/repository/org/checkerframework/checker-qual/2.5.2/checker-qual-2.5.2.jar:/Users/mohamed/.m2/repository/com/google/errorprone/error_prone_annotations/2.1.3/error_prone_annotations-2.1.3.jar:/Users/mohamed/.m2/repository/com/google/j2objc/j2objc-annotations/1.1/j2objc-annotations-1.1.jar:/Users/mohamed/.m2/repository/org/codehaus/mojo/animal-sniffer-annotations/1.14/animal-sniffer-annotations-1.14.jar:/Users/mohamed/.m2/repository/commons-codec/commons-codec/1.11/commons-codec-1.11.jar:/Users/mohamed/.m2/repository/org/apache/commons/commons-lang3/3.8/commons-lang3-3.8.jar:/Users/mohamed/.m2/repository/org/apache/commons/commons-text/1.4/commons-text-1.4.jar:/Users/mohamed/.m2/repository/org/nuxeo/common/nuxeo-common/10.10/nuxeo-common-10.10.jar:/Users/mohamed/.m2/repository/xerces/xercesImpl/2.12.0/xercesImpl-2.12.0.jar:/Users/mohamed/.m2/repository/xml-apis/xml-apis/1.4.01/xml-apis-1.4.01.jar:/Users/mohamed/.m2/repository/org/nuxeo/ecm/core/nuxeo-core-schema/10.10/nuxeo-core-schema-10.10.jar:/Users/mohamed/.m2/repository/com/sun/xsom/xsom/20140925/xsom-20140925.jar:/Users/mohamed/.m2/repository/relaxngDatatype/relaxngDatatype/20020414/relaxngDatatype-20020414.jar:/Users/mohamed/.m2/repository/org/nuxeo/runtime/nuxeo-runtime/10.10/nuxeo-runtime-10.10.jar:/Users/mohamed/.m2/repository/com/fasterxml/jackson/dataformat/jackson-dataformat-properties/2.9.8/jackson-dataformat-properties-2.9.8.jar:/Users/mohamed/.m2/repository/org/nuxeo/runtime/nuxeo-runtime-kv/10.10/nuxeo-runtime-kv-10.10.jar:/Users/mohamed/.m2/repository/net/jodah/expiringmap/0.5.8/expiringmap-0.5.8.jar:/Users/mohamed/.m2/repository/javax/servlet/javax.servlet-api/4.0.1/javax.servlet-api-4.0.1.jar:/Users/mohamed/.m2/repository/javax/validation/validation-api/1.0.0.GA/validation-api-1.0.0.GA.jar:/Users/mohamed/.m2/repository/com/fasterxml/jackson/core/jackson-core/2.9.8/jackson-core-2.9.8.jar:/Users/mohamed/.m2/repository/com/fasterxml/jackson/core/jackson-databind/2.9.8/jackson-databind-2.9.8.jar:/Users/mohamed/.m2/repository/com/fasterxml/jackson/core/jackson-annotations/2.9.8/jackson-annotations-2.9.8.jar:/Users/mohamed/.m2/repository/org/nuxeo/ecm/core/nuxeo-core-cache/10.10/nuxeo-core-cache-10.10.jar:/Users/mohamed/.m2/repository/commons-collections/commons-collections/3.2.2/commons-collections-3.2.2.jar:/Users/mohamed/.m2/repository/com/google/inject/guice/3.0/guice-3.0.jar:/Users/mohamed/.m2/repository/aopalliance/aopalliance/1.0/aopalliance-1.0.jar:/Users/mohamed/.m2/repository/javax/inject/javax.inject/1/javax.inject-1.jar:/Users/mohamed/.m2/repository/org/nuxeo/runtime/nuxeo-runtime-pubsub/10.10/nuxeo-runtime-pubsub-10.10.jar:/Users/mohamed/.m2/repository/org/nuxeo/ecm/core/nuxeo-core-event/10.10/nuxeo-core-event-10.10.jar:/Users/mohamed/.m2/repository/org/nuxeo/runtime/nuxeo-runtime-reload/10.10/nuxeo-runtime-reload-10.10.jar:/Users/mohamed/.m2/repository/org/nuxeo/runtime/nuxeo-runtime-deploy/10.10/nuxeo-runtime-deploy-10.10.jar:/Users/mohamed/.m2/repository/org/nuxeo/runtime/nuxeo-runtime-management/10.10/nuxeo-runtime-management-10.10.jar:/Users/mohamed/.m2/repository/org/javasimon/javasimon-jmx/2.5.0/javasimon-jmx-2.5.0.jar:/Users/mohamed/.m2/repository/org/javasimon/javasimon-jdbc3/2.5.0/javasimon-jdbc3-2.5.0.jar:/Users/mohamed/.m2/repository/com/thoughtworks/xstream/xstream/1.4.10/xstream-1.4.10.jar:/Users/mohamed/.m2/repository/xpp3/xpp3/1.1.4c/xpp3-1.1.4c-clean.jar:/Users/mohamed/.m2/repository/org/osgi/org.osgi.core/4.2.0/org.osgi.core-4.2.0.jar:/Users/mohamed/.m2/repository/javax/transaction/jta/1.1/jta-1.1.jar:/Users/mohamed/.m2/repository/org/quartz-scheduler/quartz/2.3.0/quartz-2.3.0.jar:/Users/mohamed/.m2/repository/com/mchange/c3p0/0.9.5.2/c3p0-0.9.5.2.jar:/Users/mohamed/.m2/repository/com/mchange/mchange-commons-java/0.2.11/mchange-commons-java-0.2.11.jar:/Users/mohamed/.m2/repository/com/zaxxer/HikariCP-java6/2.3.13/HikariCP-java6-2.3.13.jar:/Users/mohamed/.m2/repository/io/dropwizard/metrics/metrics-core/4.0.3/metrics-core-4.0.3.jar:/Users/mohamed/.m2/repository/org/nuxeo/runtime/nuxeo-runtime-metrics/10.10/nuxeo-runtime-metrics-10.10.jar:/Users/mohamed/.m2/repository/io/dropwizard/metrics/metrics-graphite/4.0.3/metrics-graphite-4.0.3.jar:/Users/mohamed/.m2/repository/com/rabbitmq/amqp-client/4.4.1/amqp-client-4.4.1.jar:/Users/mohamed/.m2/repository/io/dropwizard/metrics/metrics-log4j2/4.0.3/metrics-log4j2-4.0.3.jar:/Users/mohamed/.m2/repository/io/dropwizard/metrics/metrics-jvm/4.0.3/metrics-jvm-4.0.3.jar:/Users/mohamed/.m2/repository/io/dropwizard/metrics/metrics-jmx/4.0.3/metrics-jmx-4.0.3.jar:/Users/mohamed/.m2/repository/com/readytalk/metrics3-statsd/4.2.0/metrics3-statsd-4.2.0.jar:/Users/mohamed/.m2/repository/com/readytalk/metrics-statsd-common/4.2.0/metrics-statsd-common-4.2.0.jar:/Users/mohamed/.m2/repository/org/nuxeo/lib/stream/nuxeo-stream/10.10/nuxeo-stream-10.10.jar:/Users/mohamed/.m2/repository/net/openhft/chronicle-queue/5.17.2/chronicle-queue-5.17.2.jar:/Users/mohamed/.m2/repository/net/openhft/chronicle-threads/2.17.1/chronicle-threads-2.17.1.jar:/Users/mohamed/.m2/repository/net/openhft/affinity/3.1.11/affinity-3.1.11.jar:/Users/mohamed/.m2/repository/net/openhft/chronicle-core/2.17.2/chronicle-core-2.17.2.jar:/Users/mohamed/.m2/repository/com/intellij/annotations/12.0/annotations-12.0.jar:/Users/mohamed/.m2/repository/net/openhft/chronicle-wire/2.17.7/chronicle-wire-2.17.7.jar:/Users/mohamed/.m2/repository/net/openhft/chronicle-bytes/2.17.8/chronicle-bytes-2.17.8.jar:/Users/mohamed/.m2/repository/org/jgrapht/jgrapht-core/1.0.1/jgrapht-core-1.0.1.jar:/Users/mohamed/.m2/repository/org/apache/kafka/kafka-clients/2.1.0/kafka-clients-2.1.0.jar:/Users/mohamed/.m2/repository/com/github/luben/zstd-jni/1.3.5-4/zstd-jni-1.3.5-4.jar:/Users/mohamed/.m2/repository/org/lz4/lz4-java/1.5.0/lz4-java-1.5.0.jar:/Users/mohamed/.m2/repository/org/xerial/snappy/snappy-java/1.1.7.2/snappy-java-1.1.7.2.jar:/Users/mohamed/.m2/repository/commons-cli/commons-cli/1.4/commons-cli-1.4.jar:/Users/mohamed/.m2/repository/org/apache/avro/avro/1.8.2/avro-1.8.2.jar:/Users/mohamed/.m2/repository/org/codehaus/jackson/jackson-core-asl/1.8.1/jackson-core-asl-1.8.1.jar:/Users/mohamed/.m2/repository/org/codehaus/jackson/jackson-mapper-asl/1.8.1/jackson-mapper-asl-1.8.1.jar:/Users/mohamed/.m2/repository/com/thoughtworks/paranamer/paranamer/2.7/paranamer-2.7.jar:/Users/mohamed/.m2/repository/org/apache/commons/commons-compress/1.18/commons-compress-1.18.jar:/Users/mohamed/.m2/repository/org/tukaani/xz/1.8/xz-1.8.jar:/Users/mohamed/.m2/repository/net/jodah/failsafe/1.1.0/failsafe-1.1.0.jar:/Users/mohamed/.m2/repository/io/confluent/kafka-avro-serializer/5.0.0/kafka-avro-serializer-5.0.0.jar:/Users/mohamed/.m2/repository/io/confluent/kafka-schema-registry-client/5.0.0/kafka-schema-registry-client-5.0.0.jar:/Users/mohamed/.m2/repository/org/nuxeo/runtime/nuxeo-runtime-stream/10.10/nuxeo-runtime-stream-10.10.jar:/Users/mohamed/.m2/repository/org/nuxeo/ecm/platform/nuxeo-platform-types-api/10.10/nuxeo-platform-types-api-10.10.jar:/Users/mohamed/.m2/repository/org/nuxeo/ecm/platform/nuxeo-platform-forms-layout-api/10.10/nuxeo-platform-forms-layout-api-10.10.jar:/Users/mohamed/.m2/repository/org/nuxeo/ecm/automation/nuxeo-automation-core/10.10/nuxeo-automation-core-10.10.jar:/Users/mohamed/.m2/repository/org/nuxeo/ecm/platform/nuxeo-platform-rendering/10.10/nuxeo-platform-rendering-10.10.jar:/Users/mohamed/.m2/repository/org/wikimodel/wem/2.0.2/wem-2.0.2.jar:/Users/mohamed/.m2/repository/net/java/dev/javacc/javacc/4.0/javacc-4.0.jar:/Users/mohamed/.m2/repository/org/nuxeo/ecm/platform/nuxeo-platform-convert/10.10/nuxeo-platform-convert-10.10.jar:/Users/mohamed/.m2/repository/commons-fileupload/commons-fileupload/1.3.3/commons-fileupload-1.3.3.jar:/Users/mohamed/.m2/repository/org/nuxeo/ecm/core/nuxeo-core-mimetype/10.10/nuxeo-core-mimetype-10.10.jar:/Users/mohamed/.m2/repository/jmimemagic/jmimemagic/0.1.2/jmimemagic-0.1.2.jar:/Users/mohamed/.m2/repository/oro/oro/2.0.8/oro-2.0.8.jar:/Users/mohamed/.m2/repository/org/nuxeo/ecm/platform/nuxeo-platform-commandline-executor/10.10/nuxeo-platform-commandline-executor-10.10.jar:/Users/mohamed/.m2/repository/com/cforcoding/jmd/jmd/0.8.1-tomasol-3e60e36137/jmd-0.8.1-tomasol-3e60e36137.jar:/Users/mohamed/.m2/repository/com/ibm/icu/icu4j/62.1/icu4j-62.1.jar:/Users/mohamed/.m2/repository/org/nuxeo/ecm/platform/nuxeo-platform-query-api/10.10/nuxeo-platform-query-api-10.10.jar:/Users/mohamed/.m2/repository/org/nuxeo/ecm/platform/nuxeo-platform-search-api/10.10/nuxeo-platform-search-api-10.10.jar:/Users/mohamed/.m2/repository/org/nuxeo/ecm/platform/nuxeo-platform-usermanager-api/10.10/nuxeo-platform-usermanager-api-10.10.jar:/Users/mohamed/.m2/repository/org/nuxeo/ecm/core/nuxeo-core/10.10/nuxeo-core-10.10.jar:/Users/mohamed/.m2/repository/org/nuxeo/runtime/nuxeo-runtime-migration/10.10/nuxeo-runtime-migration-10.10.jar:/Users/mohamed/.m2/repository/org/nuxeo/ecm/core/nuxeo-core-convert-api/10.10/nuxeo-core-convert-api-10.10.jar:/Users/mohamed/.m2/repository/javax/mail/mail/1.4.5/mail-1.4.5.jar:/Users/mohamed/.m2/repository/org/freemarker/freemarker/2.3.28/freemarker-2.3.28.jar:/Users/mohamed/.m2/repository/org/nuxeo/ecm/platform/nuxeo-platform-forms-layout-core/10.10/nuxeo-platform-forms-layout-core-10.10.jar:/Users/mohamed/.m2/repository/org/nuxeo/ecm/webengine/nuxeo-webengine-core/10.10/nuxeo-webengine-core-10.10.jar:/Users/mohamed/.m2/repository/com/sun/jersey/jersey-server/1.19.4/jersey-server-1.19.4.jar:/Users/mohamed/.m2/repository/com/sun/jersey/jersey-servlet/1.19.4/jersey-servlet-1.19.4.jar:/Users/mohamed/.m2/repository/org/nuxeo/ecm/platform/nuxeo-platform-versioning-api/10.10/nuxeo-platform-versioning-api-10.10.jar:/Users/mohamed/.m2/repository/org/nuxeo/build/nuxeo-apt-extensions/1.0/nuxeo-apt-extensions-1.0.jar:/Users/mohamed/.m2/repository/org/nuxeo/build/nuxeo-webengine-apt/1.2/nuxeo-webengine-apt-1.2.jar:/Users/mohamed/.m2/repository/org/nuxeo/ecm/platform/nuxeo-platform-actions-core/10.10/nuxeo-platform-actions-core-10.10.jar:/Users/mohamed/.m2/repository/org/mvel/mvel2/2.4.2.Final/mvel2-2.4.2.Final.jar:/Users/mohamed/.m2/repository/org/codehaus/groovy/groovy-all/2.4.12/groovy-all-2.4.12.jar:/Users/mohamed/.m2/repository/org/apache/pdfbox/pdfbox/1.8.16/pdfbox-1.8.16.jar:/Users/mohamed/.m2/repository/org/apache/pdfbox/fontbox/1.8.16/fontbox-1.8.16.jar:/Users/mohamed/.m2/repository/org/apache/pdfbox/jempbox/1.8.16/jempbox-1.8.16.jar:/Users/mohamed/.m2/repository/org/nuxeo/ecm/automation/nuxeo-automation-features/10.10/nuxeo-automation-features-10.10.jar:/Users/mohamed/.m2/repository/org/nuxeo/ecm/core/nuxeo-core-io/10.10/nuxeo-core-io-10.10.jar:/Users/mohamed/.m2/repository/jaxen/jaxen/1.1.6/jaxen-1.1.6.jar:/Users/mohamed/.m2/repository/org/nuxeo/ecm/core/nuxeo-core-el/10.10/nuxeo-core-el-10.10.jar:/Users/mohamed/.m2/repository/org/jboss/el/jboss-el/1.0_02.CR6/jboss-el-1.0_02.CR6.jar:/Users/mohamed/.m2/repository/org/nuxeo/ecm/core/nuxeo-core-persistence/10.10/nuxeo-core-persistence-10.10.jar:/Users/mohamed/.m2/repository/org/hibernate/hibernate-entitymanager/3.4.0.GA/hibernate-entitymanager-3.4.0.GA.jar:/Users/mohamed/.m2/repository/org/hibernate/hibernate-commons-annotations/3.1.0.GA/hibernate-commons-annotations-3.1.0.GA.jar:/Users/mohamed/.m2/repository/org/javassist/javassist/3.21.0-GA/javassist-3.21.0-GA.jar:/Users/mohamed/.m2/repository/org/nuxeo/ecm/platform/nuxeo-platform-uidgen-core/10.10/nuxeo-platform-uidgen-core-10.10.jar:/Users/mohamed/.m2/repository/org/nuxeo/ecm/platform/nuxeo-platform-relations-api/10.10/nuxeo-platform-relations-api-10.10.jar:/Users/mohamed/.m2/repository/org/nuxeo/ecm/platform/nuxeo-platform-filemanager-api/10.10/nuxeo-platform-filemanager-api-10.10.jar:/Users/mohamed/.m2/repository/org/nuxeo/ecm/platform/nuxeo-platform-userworkspace-api/10.10/nuxeo-platform-userworkspace-api-10.10.jar:/Users/mohamed/.m2/repository/org/nuxeo/ecm/platform/nuxeo-platform-directory-api/10.10/nuxeo-platform-directory-api-10.10.jar:/Users/mohamed/.m2/repository/org/nuxeo/ecm/platform/nuxeo-platform-directory-core/10.10/nuxeo-platform-directory-core-10.10.jar:/Users/mohamed/.m2/repository/org/nuxeo/ecm/platform/nuxeo-platform-audit-api/10.10/nuxeo-platform-audit-api-10.10.jar:/Users/mohamed/.m2/repository/org/nuxeo/ecm/platform/nuxeo-platform-audit-core/10.10/nuxeo-platform-audit-core-10.10.jar:/Users/mohamed/.m2/repository/org/hibernate/hibernate-annotations/3.4.0.GA/hibernate-annotations-3.4.0.GA.jar:/Users/mohamed/.m2/repository/org/nuxeo/ecm/platform/nuxeo-platform-collections-core/10.10/nuxeo-platform-collections-core-10.10.jar:/Users/mohamed/.m2/repository/org/nuxeo/ecm/platform/nuxeo-platform-collections-core/10.10/nuxeo-platform-collections-core-10.10-tests.jar:/Users/mohamed/.m2/repository/org/nuxeo/ecm/platform/nuxeo-platform-notification-api/10.10/nuxeo-platform-notification-api-10.10.jar:/Users/mohamed/.m2/repository/org/nuxeo/ecm/platform/nuxeo-platform-notification-core/10.10/nuxeo-platform-notification-core-10.10.jar:/Users/mohamed/.m2/repository/org/nuxeo/ecm/platform/nuxeo-platform-url-api/10.10/nuxeo-platform-url-api-10.10.jar:/Users/mohamed/.m2/repository/org/nuxeo/ecm/platform/nuxeo-platform-api/10.10/nuxeo-platform-api-10.10.jar:/Users/mohamed/.m2/repository/org/nuxeo/ecm/core/nuxeo-core-bulk/10.10/nuxeo-core-bulk-10.10.jar:/Users/mohamed/.m2/repository/com/google/code/externalsortinginjava/externalsortinginjava/0.2.5/externalsortinginjava-0.2.5.jar:/Users/mohamed/.m2/repository/org/apache/commons/commons-collections4/4.1/commons-collections4-4.1.jar:/Users/mohamed/.m2/repository/javax/persistence/persistence-api/1.0.2/persistence-api-1.0.2.jar:/Users/mohamed/.m2/repository/com/sun/jersey/contribs/jersey-multipart/1.19.4/jersey-multipart-1.19.4.jar:/Users/mohamed/.m2/repository/org/jvnet/mimepull/mimepull/1.9.3/mimepull-1.9.3.jar:/Users/mohamed/.m2/repository/com/sun/jersey/jersey-client/1.19.4/jersey-client-1.19.4.jar:/Users/mohamed/.m2/repository/org/nuxeo/ecm/core/nuxeo-core-query/10.10/nuxeo-core-query-10.10.jar:/Users/mohamed/.m2/repository/cup/java-cup/0.11a/java-cup-0.11a.jar:/Users/mohamed/.m2/repository/commons-io/commons-io/2.6/commons-io-2.6.jar:/Users/mohamed/.m2/repository/org/apache/commons/commons-csv/1.5/commons-csv-1.5.jar:/Users/mohamed/.m2/repository/org/nuxeo/ecm/core/nuxeo-core-test/10.10/nuxeo-core-test-10.10.jar:/Users/mohamed/.m2/repository/org/nuxeo/runtime/nuxeo-runtime-osgi/10.10/nuxeo-runtime-osgi-10.10.jar:/Users/mohamed/.m2/repository/org/nuxeo/runtime/nuxeo-runtime-mongodb/10.10/nuxeo-runtime-mongodb-10.10.jar:/Users/mohamed/.m2/repository/org/mongodb/mongo-java-driver/3.8.1/mongo-java-driver-3.8.1.jar:/Users/mohamed/.m2/repository/org/apache/httpcomponents/httpcore/4.4.10/httpcore-4.4.10.jar:/Users/mohamed/.m2/repository/org/nuxeo/runtime/nuxeo-runtime-test/10.10/nuxeo-runtime-test-10.10.jar:/Users/mohamed/.m2/repository/io/github/lukehutch/fast-classpath-scanner/2.0.4/fast-classpath-scanner-2.0.4.jar:/Users/mohamed/.m2/repository/com/tngtech/jgiven/jgiven-core/0.16.0/jgiven-core-0.16.0.jar:/Users/mohamed/.m2/repository/com/google/code/gson/gson/2.2.2/gson-2.2.2.jar:/Users/mohamed/.m2/repository/net/bytebuddy/byte-buddy/1.8.11/byte-buddy-1.8.11.jar:/Users/mohamed/.m2/repository/org/fusesource/jansi/jansi/1.17.1/jansi-1.17.1.jar:/Users/mohamed/.m2/repository/com/tngtech/jgiven/jgiven-junit/0.16.0/jgiven-junit-0.16.0.jar:/Users/mohamed/.m2/repository/com/tngtech/jgiven/jgiven-html5-report/0.16.0/jgiven-html5-report-0.16.0.jar:/Users/mohamed/.m2/repository/com/tngtech/jgiven/jgiven-html-app/0.16.0/jgiven-html-app-0.16.0.jar:/Users/mohamed/.m2/repository/com/tngtech/java/junit-dataprovider/1.13.1/junit-dataprovider-1.13.1.jar:/Users/mohamed/.m2/repository/org/jmock/jmock/2.8.4/jmock-2.8.4.jar:/Users/mohamed/.m2/repository/org/jmock/jmock-testjar/2.8.4/jmock-testjar-2.8.4.jar:/Users/mohamed/.m2/repository/org/apache-extras/beanshell/bsh/2.0b6/bsh-2.0b6.jar:/Users/mohamed/.m2/repository/org/hamcrest/hamcrest-library/1.3/hamcrest-library-1.3.jar:/Users/mohamed/.m2/repository/org/assertj/assertj-core/3.8.0/assertj-core-3.8.0.jar:/Users/mohamed/.m2/repository/org/mockito/mockito-core/1.9.5/mockito-core-1.9.5.jar:/Users/mohamed/.m2/repository/org/objenesis/objenesis/1.0/objenesis-1.0.jar:/Users/mohamed/.m2/repository/org/nuxeo/runtime/nuxeo-runtime-server/10.10/nuxeo-runtime-server-10.10.jar:/Users/mohamed/.m2/repository/org/apache/tomcat/tomcat-catalina/9.0.14/tomcat-catalina-9.0.14.jar:/Users/mohamed/.m2/repository/org/apache/tomcat/tomcat-jsp-api/9.0.14/tomcat-jsp-api-9.0.14.jar:/Users/mohamed/.m2/repository/org/apache/tomcat/tomcat-annotations-api/9.0.14/tomcat-annotations-api-9.0.14.jar:/Users/mohamed/.m2/repository/org/apache/tomcat/tomcat-api/9.0.14/tomcat-api-9.0.14.jar:/Users/mohamed/.m2/repository/org/apache/tomcat/tomcat-jni/9.0.14/tomcat-jni-9.0.14.jar:/Users/mohamed/.m2/repository/org/apache/tomcat/tomcat-util-scan/9.0.14/tomcat-util-scan-9.0.14.jar:/Users/mohamed/.m2/repository/org/apache/tomcat/tomcat-jaspic-api/9.0.14/tomcat-jaspic-api-9.0.14.jar:/Users/mohamed/.m2/repository/org/apache/tomcat/tomcat-coyote/9.0.14/tomcat-coyote-9.0.14.jar:/Users/mohamed/.m2/repository/org/apache/tomcat/tomcat-util/9.0.14/tomcat-util-9.0.14.jar:/Users/mohamed/.m2/repository/org/apache/tomcat/tomcat-jasper/9.0.14/tomcat-jasper-9.0.14.jar:/Users/mohamed/.m2/repository/org/apache/tomcat/tomcat-el-api/9.0.14/tomcat-el-api-9.0.14.jar:/Users/mohamed/.m2/repository/org/eclipse/jdt/ecj/3.15.0/ecj-3.15.0.jar:/Users/mohamed/.m2/repository/org/apache/tomcat/tomcat-jasper-el/9.0.14/tomcat-jasper-el-9.0.14.jar:/Users/mohamed/.m2/repository/org/seleniumhq/selenium/selenium-api/2.53.0/selenium-api-2.53.0.jar:/Users/mohamed/.m2/repository/org/seleniumhq/selenium/selenium-support/2.53.0/selenium-support-2.53.0.jar:/Users/mohamed/.m2/repository/org/seleniumhq/selenium/selenium-remote-driver/2.53.0/selenium-remote-driver-2.53.0.jar:/Users/mohamed/.m2/repository/cglib/cglib-nodep/2.2.2/cglib-nodep-2.2.2.jar:/Users/mohamed/.m2/repository/org/seleniumhq/selenium/selenium-firefox-driver/2.53.0/selenium-firefox-driver-2.53.0.jar:/Users/mohamed/.m2/repository/org/apache/commons/commons-exec/1.3/commons-exec-1.3.jar:/Users/mohamed/.m2/repository/org/seleniumhq/selenium/selenium-ie-driver/2.53.0/selenium-ie-driver-2.53.0.jar:/Users/mohamed/.m2/repository/net/java/dev/jna/jna/4.5.2/jna-4.5.2.jar:/Users/mohamed/.m2/repository/net/java/dev/jna/jna-platform/4.5.2/jna-platform-4.5.2.jar:/Users/mohamed/.m2/repository/org/seleniumhq/selenium/selenium-chrome-driver/2.53.0/selenium-chrome-driver-2.53.0.jar:/Users/mohamed/.m2/repository/org/seleniumhq/selenium/htmlunit-driver/2.20/htmlunit-driver-2.20.jar:/Users/mohamed/.m2/repository/net/sourceforge/htmlunit/htmlunit/2.20/htmlunit-2.20.jar:/Users/mohamed/.m2/repository/xalan/xalan/2.7.2/xalan-2.7.2.jar:/Users/mohamed/.m2/repository/xalan/serializer/2.7.2/serializer-2.7.2.jar:/Users/mohamed/.m2/repository/org/apache/httpcomponents/httpmime/4.5.6/httpmime-4.5.6.jar:/Users/mohamed/.m2/repository/net/sourceforge/htmlunit/htmlunit-core-js/2.17/htmlunit-core-js-2.17.jar:/Users/mohamed/.m2/repository/net/sourceforge/nekohtml/nekohtml/1.9.22/nekohtml-1.9.22.jar:/Users/mohamed/.m2/repository/net/sourceforge/cssparser/cssparser/0.9.18/cssparser-0.9.18.jar:/Users/mohamed/.m2/repository/org/eclipse/jetty/websocket/websocket-client/9.2.15.v20160210/websocket-client-9.2.15.v20160210.jar:/Users/mohamed/.m2/repository/org/eclipse/jetty/jetty-util/9.2.15.v20160210/jetty-util-9.2.15.v20160210.jar:/Users/mohamed/.m2/repository/org/eclipse/jetty/jetty-io/9.2.15.v20160210/jetty-io-9.2.15.v20160210.jar:/Users/mohamed/.m2/repository/org/eclipse/jetty/websocket/websocket-common/9.2.15.v20160210/websocket-common-9.2.15.v20160210.jar:/Users/mohamed/.m2/repository/org/eclipse/jetty/websocket/websocket-api/9.2.15.v20160210/websocket-api-9.2.15.v20160210.jar:/Users/mohamed/.m2/repository/org/concordion/concordion/1.3.0/concordion-1.3.0.jar:/Users/mohamed/.m2/repository/ognl/ognl/2.7.2/ognl-2.7.2.jar:/Users/mohamed/.m2/repository/xom/xom/1.2.5/xom-1.2.5.jar:/Users/mohamed/.m2/repository/org/ow2/asm/asm/6.2.1/asm-6.2.1.jar:/Users/mohamed/.m2/repository/concurrent/concurrent/1.3.4/concurrent-1.3.4.jar:/Users/mohamed/.m2/repository/org/nuxeo/runtime/nuxeo-runtime-stream/10.10/nuxeo-runtime-stream-10.10-tests.jar:/Users/mohamed/.m2/repository/org/jmock/jmock-junit4/2.8.4/jmock-junit4-2.8.4.jar:/Users/mohamed/.m2/repository/org/nuxeo/ecm/core/nuxeo-core-io/10.10/nuxeo-core-io-10.10-tests.jar:/Users/mohamed/.m2/repository/org/nuxeo/ecm/core/nuxeo-core-bulk/10.10/nuxeo-core-bulk-10.10-tests.jar:/Users/mohamed/.m2/repository/org/nuxeo/ecm/core/nuxeo-core-event/10.10/nuxeo-core-event-10.10-tests.jar:/Users/mohamed/.m2/repository/org/nuxeo/ecm/core/nuxeo-core-convert/10.10/nuxeo-core-convert-10.10.jar:/Users/mohamed/.m2/repository/org/nuxeo/ecm/core/nuxeo-core-convert-plugins/10.10/nuxeo-core-convert-plugins-10.10.jar:/Users/mohamed/.m2/repository/net/htmlparser/jericho/jericho-html/3.4/jericho-html-3.4.jar:/Users/mohamed/.m2/repository/org/apache/poi/poi/3.17/poi-3.17.jar:/Users/mohamed/.m2/repository/org/apache/poi/poi-ooxml/3.17/poi-ooxml-3.17.jar:/Users/mohamed/.m2/repository/org/apache/poi/poi-ooxml-schemas/3.17/poi-ooxml-schemas-3.17.jar:/Users/mohamed/.m2/repository/com/github/virtuald/curvesapi/1.04/curvesapi-1.04.jar:/Users/mohamed/.m2/repository/org/apache/poi/poi-scratchpad/3.17/poi-scratchpad-3.17.jar:/Users/mohamed/.m2/repository/org/apache/xmlbeans/xmlbeans/3.0.1/xmlbeans-3.0.1.jar:/Users/mohamed/.m2/repository/org/nuxeo/ecm/core/nuxeo-core-storage/10.10/nuxeo-core-storage-10.10.jar:/Users/mohamed/.m2/repository/org/nuxeo/ecm/core/nuxeo-core-storage-sql/10.10/nuxeo-core-storage-sql-10.10.jar:/Users/mohamed/.m2/repository/net/sf/ehcache/ehcache-core/2.6.11/ehcache-core-2.6.11.jar:/Users/mohamed/.m2/repository/org/nuxeo/ecm/core/nuxeo-core-storage-sql-test/10.10/nuxeo-core-storage-sql-test-10.10.jar:/Users/mohamed/.m2/repository/org/nuxeo/lib/core/nuxeo-core-storage-sql-extensions/10.10/nuxeo-core-storage-sql-extensions-10.10.jar:/Users/mohamed/.m2/repository/com/h2database/h2/1.4.177-NX01/h2-1.4.177-NX01.jar:/Users/mohamed/.m2/repository/org/apache/lucene/lucene-core/7.5.0/lucene-core-7.5.0.jar:/Users/mohamed/.m2/repository/org/apache/lucene/lucene-queryparser/7.5.0/lucene-queryparser-7.5.0.jar:/Users/mohamed/.m2/repository/org/apache/lucene/lucene-queries/7.5.0/lucene-queries-7.5.0.jar:/Users/mohamed/.m2/repository/org/apache/lucene/lucene-sandbox/7.5.0/lucene-sandbox-7.5.0.jar:/Users/mohamed/.m2/repository/org/apache/lucene/lucene-analyzers-common/7.5.0/lucene-analyzers-common-7.5.0.jar:/Users/mohamed/.m2/repository/org/apache/derby/derby/10.14.2.0/derby-10.14.2.0.jar:/Users/mohamed/.m2/repository/org/postgresql/postgresql/42.2.5/postgresql-42.2.5.jar:/Users/mohamed/.m2/repository/mysql/mysql-connector-java/8.0.13/mysql-connector-java-8.0.13.jar:/Users/mohamed/.m2/repository/com/google/protobuf/protobuf-java/3.6.1/protobuf-java-3.6.1.jar:/Users/mohamed/.m2/repository/org/mariadb/jdbc/mariadb-java-client/1.7.4/mariadb-java-client-1.7.4.jar:/Users/mohamed/.m2/repository/com/microsoft/sqlserver/mssql-jdbc/7.0.0.jre8/mssql-jdbc-7.0.0.jre8.jar:/Users/mohamed/.m2/repository/org/nuxeo/ecm/core/nuxeo-core-storage-dbs/10.10/nuxeo-core-storage-dbs-10.10-tests.jar:/Users/mohamed/.m2/repository/org/nuxeo/ecm/core/nuxeo-core-storage-mem/10.10/nuxeo-core-storage-mem-10.10.jar:/Users/mohamed/.m2/repository/org/nuxeo/ecm/core/nuxeo-core-storage-dbs/10.10/nuxeo-core-storage-dbs-10.10.jar:/Users/mohamed/.m2/repository/org/nuxeo/ecm/core/nuxeo-core-storage-mongodb/10.10/nuxeo-core-storage-mongodb-10.10.jar:/Users/mohamed/.m2/repository/org/nuxeo/runtime/nuxeo-launcher-commons/10.10/nuxeo-launcher-commons-10.10.jar:/Users/mohamed/.m2/repository/org/nuxeo/connect/nuxeo-connect-client/1.7.5/nuxeo-connect-client-1.7.5.jar:/Users/mohamed/.m2/repository/org/eclipse/equinox/org.eclipse.equinox.p2.cudf/1.17-NX/org.eclipse.equinox.p2.cudf-1.17-NX.jar:/Users/mohamed/.m2/repository/org/sat4j/org.sat4j.pb/2.3.1/org.sat4j.pb-2.3.1.jar:/Users/mohamed/.m2/repository/org/sat4j/org.sat4j.core/2.3.1/org.sat4j.core-2.3.1.jar:/Users/mohamed/.m2/repository/org/eclipse/core/org.eclipse.core.jobs/3.5.0.v20100515/org.eclipse.core.jobs-3.5.0.v20100515.jar:/Users/mohamed/.m2/repository/org/eclipse/equinox/org.eclipse.equinox.common/3.6.0.v20100503/org.eclipse.equinox.common-3.6.0.v20100503.jar:/Users/mohamed/.m2/repository/org/json/json/20070829/json-20070829.jar:/Users/mohamed/.m2/repository/org/javasimon/javasimon-core/2.5.0/javasimon-core-2.5.0.jar:/Users/mohamed/.m2/repository/dumbster/dumbster/1.6/dumbster-1.6.jar:/Users/mohamed/.m2/repository/javax/activation/activation/1.0.2/activation-1.0.2.jar:/Users/mohamed/.m2/repository/org/nuxeo/ecm/core/nuxeo-core-cache/10.10/nuxeo-core-cache-10.10-tests.jar:/Users/mohamed/.m2/repository/org/nuxeo/ecm/platform/nuxeo-platform-test/10.10/nuxeo-platform-test-10.10.jar:/Users/mohamed/.m2/repository/org/nuxeo/lib/runtime/nuxeo-runtime-launcher/10.10/nuxeo-runtime-launcher-10.10.jar:/Users/mohamed/.m2/repository/org/nuxeo/ecm/platform/nuxeo-platform-directory-sql/10.10/nuxeo-platform-directory-sql-10.10.jar:/Users/mohamed/.m2/repository/org/nuxeo/ecm/platform/nuxeo-platform-directory-sql/10.10/nuxeo-platform-directory-sql-10.10-tests.jar:/Users/mohamed/.m2/repository/org/nuxeo/ecm/platform/nuxeo-platform-directory-mongodb/10.10/nuxeo-platform-directory-mongodb-10.10.jar:/Users/mohamed/.m2/repository/org/nuxeo/ecm/platform/nuxeo-platform-directory-multi/10.10/nuxeo-platform-directory-multi-10.10.jar:/Users/mohamed/.m2/repository/org/nuxeo/ecm/platform/nuxeo-platform-directory-test/10.10/nuxeo-platform-directory-test-10.10.jar:/Users/mohamed/.m2/repository/org/nuxeo/ecm/platform/nuxeo-platform-directory-test/10.10/nuxeo-platform-directory-test-10.10-tests.jar:/Users/mohamed/.m2/repository/org/nuxeo/ecm/core/nuxeo-core-test/10.10/nuxeo-core-test-10.10-tests.jar:/Users/mohamed/.m2/repository/org/nuxeo/ecm/platform/nuxeo-platform-login/10.10/nuxeo-platform-login-10.10-tests.jar:/Users/mohamed/.m2/repository/org/nuxeo/ecm/platform/nuxeo-platform-directory-types-contrib/10.10/nuxeo-platform-directory-types-contrib-10.10.jar:/Users/mohamed/.m2/repository/hsqldb/hsqldb/1.8.0.10/hsqldb-1.8.0.10.jar:/Users/mohamed/.m2/repository/org/nuxeo/ecm/platform/nuxeo-platform-content-template-manager/10.10/nuxeo-platform-content-template-manager-10.10.jar:/Users/mohamed/.m2/repository/org/nuxeo/ecm/platform/nuxeo-platform-filemanager-core/10.10/nuxeo-platform-filemanager-core-10.10.jar:/Users/mohamed/.m2/repository/org/nuxeo/ecm/platform/nuxeo-platform-usermanager-core/10.10/nuxeo-platform-usermanager-core-10.10.jar:/Users/mohamed/.m2/repository/org/nuxeo/ecm/platform/nuxeo-platform-directory-ldap/10.10/nuxeo-platform-directory-ldap-10.10.jar:/Users/mohamed/.m2/repository/org/apache/directory/server/apacheds-core/1.5.1/apacheds-core-1.5.1.jar:/Users/mohamed/.m2/repository/org/apache/directory/server/apacheds-schema-bootstrap/1.5.1/apacheds-schema-bootstrap-1.5.1.jar:/Users/mohamed/.m2/repository/jdbm/jdbm/1.0/jdbm-1.0.jar:/Users/mohamed/.m2/repository/org/apache/directory/server/apacheds-schema-registries/1.5.1/apacheds-schema-registries-1.5.1.jar:/Users/mohamed/.m2/repository/org/apache/directory/server/apacheds-core-shared/1.5.1/apacheds-core-shared-1.5.1.jar:/Users/mohamed/.m2/repository/org/apache/directory/server/apacheds-utils/1.5.1/apacheds-utils-1.5.1.jar:/Users/mohamed/.m2/repository/org/apache/directory/server/apacheds-jdbm-store/1.5.1/apacheds-jdbm-store-1.5.1.jar:/Users/mohamed/.m2/repository/org/apache/directory/server/apacheds-constants/1.5.1/apacheds-constants-1.5.1.jar:/Users/mohamed/.m2/repository/org/apache/directory/server/apacheds-btree-base/1.5.1/apacheds-btree-base-1.5.1.jar:/Users/mohamed/.m2/repository/org/apache/directory/server/apacheds-bootstrap-extract/1.5.1/apacheds-bootstrap-extract-1.5.1.jar:/Users/mohamed/.m2/repository/org/apache/directory/server/apacheds-kerberos-shared/1.5.1/apacheds-kerberos-shared-1.5.1.jar:/Users/mohamed/.m2/repository/org/apache/mina/mina-core/1.1.2/mina-core-1.1.2.jar:/Users/mohamed/.m2/repository/org/apache/directory/server/apacheds-protocol-shared/1.5.1/apacheds-protocol-shared-1.5.1.jar:/Users/mohamed/.m2/repository/org/apache/directory/shared/shared-ldap/0.9.7/shared-ldap-0.9.7.jar:/Users/mohamed/.m2/repository/commons-lang/commons-lang/2.6/commons-lang-2.6.jar:/Users/mohamed/.m2/repository/org/apache/directory/shared/shared-asn1/0.9.7/shared-asn1-0.9.7.jar:/Users/mohamed/.m2/repository/org/apache/directory/shared/shared-ldap-constants/0.9.7/shared-ldap-constants-0.9.7.jar:/Users/mohamed/.m2/repository/org/hibernate/hibernate-core/3.3.2.GA/hibernate-core-3.3.2.GA.jar:/Users/mohamed/.m2/repository/antlr/antlr/2.7.7/antlr-2.7.7.jar:/Users/mohamed/.m2/repository/org/nuxeo/ecm/platform/nuxeo-platform-login/10.10/nuxeo-platform-login-10.10.jar:/Users/mohamed/.m2/repository/org/nuxeo/ecm/platform/nuxeo-platform-web-common/10.10/nuxeo-platform-web-common-10.10.jar:/Users/mohamed/.m2/repository/org/nuxeo/ecm/core/nuxeo-core-management/10.10/nuxeo-core-management-10.10.jar:/Users/mohamed/.m2/repository/javax/servlet/jsp/jsp-api/2.2/jsp-api-2.2.jar:/Users/mohamed/.m2/repository/org/dom4j/dom4j/2.1.1/dom4j-2.1.1.jar:/Users/mohamed/.m2/repository/org/apache/httpcomponents/httpclient/4.5.6/httpclient-4.5.6.jar:/Users/mohamed/.m2/repository/com/thetransactioncompany/cors-filter/2.6/cors-filter-2.6.jar:/Users/mohamed/.m2/repository/com/thetransactioncompany/java-property-utils/1.9.1/java-property-utils-1.9.1.jar:/Users/mohamed/.m2/repository/com/sun/jersey/jersey-core/1.19.4/jersey-core-1.19.4.jar:/Users/mohamed/.m2/repository/javax/ws/rs/jsr311-api/1.1.1/jsr311-api-1.1.1.jar:/Users/mohamed/.m2/repository/org/nuxeo/runtime/nuxeo-runtime-jtajca/10.10/nuxeo-runtime-jtajca-10.10.jar:/Users/mohamed/.m2/repository/commons-beanutils/commons-beanutils/1.9.3/commons-beanutils-1.9.3.jar:/Users/mohamed/.m2/repository/javax/resource/connector-api/1.5/connector-api-1.5.jar:/Users/mohamed/.m2/repository/org/apache/geronimo/components/geronimo-connector/2.2.1-NX1/geronimo-connector-2.2.1-NX1.jar:/Users/mohamed/.m2/repository/org/tranql/tranql-connector/1.8/tranql-connector-1.8.jar:/Users/mohamed/.m2/repository/org/apache/geronimo/components/geronimo-transaction/2.2.1/geronimo-transaction-2.2.1.jar:/Users/mohamed/.m2/repository/org/objectweb/howl/howl/1.0.1-1/howl-1.0.1-1.jar:/Users/mohamed/.m2/repository/org/apache/xbean/xbean-naming/3.18/xbean-naming-3.18.jar:/Users/mohamed/.m2/repository/org/nuxeo/ecm/core/nuxeo-core-management-jtajca/10.10/nuxeo-core-management-jtajca-10.10.jar:/Users/mohamed/.m2/repository/commons-dbcp/commons-dbcp/1.4/commons-dbcp-1.4.jar:/Users/mohamed/.m2/repository/commons-pool/commons-pool/1.5.4/commons-pool-1.5.4.jar:/Users/mohamed/.m2/repository/org/apache/tomcat/tomcat-dbcp/9.0.14/tomcat-dbcp-9.0.14.jar:/Users/mohamed/.m2/repository/org/apache/tomcat/tomcat-juli/9.0.14/tomcat-juli-9.0.14.jar:/Users/mohamed/.m2/repository/org/nuxeo/runtime/nuxeo-runtime-datasource/10.10/nuxeo-runtime-datasource-10.10.jar:/Users/mohamed/.m2/repository/org/apache/tomcat/tomcat-jdbc/9.0.14/tomcat-jdbc-9.0.14.jar:/Users/mohamed/.m2/repository/org/nuxeo/ecm/platform/nuxeo-platform-types-core/10.10/nuxeo-platform-types-core-10.10.jar:/Users/mohamed/.m2/repository/org/nuxeo/ecm/platform/nuxeo-platform-dublincore/10.10/nuxeo-platform-dublincore-10.10.jar:/Users/mohamed/.m2/repository/org/nuxeo/ecm/automation/nuxeo-automation-server/10.10/nuxeo-automation-server-10.10.jar:/Users/mohamed/.m2/repository/org/nuxeo/ecm/automation/nuxeo-automation-io/10.10/nuxeo-automation-io-10.10.jar:/Users/mohamed/.m2/repository/org/nuxeo/ecm/platform/nuxeo-platform-tag-api/10.10/nuxeo-platform-tag-api-10.10.jar:/Users/mohamed/.m2/repository/org/yaml/snakeyaml/1.21/snakeyaml-1.21.jar:/Users/mohamed/.m2/repository/org/nuxeo/ecm/platform/nuxeo-platform-forms-layout-export/10.10/nuxeo-platform-forms-layout-export-10.10.jar:/Users/mohamed/.m2/repository/org/nuxeo/ecm/platform/nuxeo-preview-core/10.10/nuxeo-preview-core-10.10.jar:/Users/mohamed/.m2/repository/org/nuxeo/ecm/platform/nuxeo-platform-htmlsanitizer/10.10/nuxeo-platform-htmlsanitizer-10.10.jar:/Users/mohamed/.m2/repository/com/googlecode/owasp-java-html-sanitizer/owasp-java-html-sanitizer/20190103.NX1/owasp-java-html-sanitizer-20190103.NX1.jar:/Users/mohamed/.m2/repository/org/w3c/css/sac/1.3/sac-1.3.jar:/Users/mohamed/.m2/repository/org/restlet/jse/org.restlet/2.4.1/org.restlet-2.4.1.jar:/Users/mohamed/.m2/repository/org/nuxeo/ecm/platform/nuxeo-invite/10.10/nuxeo-invite-10.10.jar:/Users/mohamed/.m2/repository/org/nuxeo/ecm/webengine/nuxeo-webengine-jaxrs/10.10/nuxeo-webengine-jaxrs-10.10.jar:/Users/mohamed/.m2/repository/org/osgi/org.osgi.compendium/4.2.0/org.osgi.compendium-4.2.0.jar:/Users/mohamed/.m2/repository/com/sun/activation/javax.activation/1.2.0/javax.activation-1.2.0.jar:/Users/mohamed/.m2/repository/joda-time/joda-time/2.10/joda-time-2.10.jar:/Users/mohamed/.m2/repository/org/nuxeo/ecm/webengine/nuxeo-webengine-base/10.10/nuxeo-webengine-base-10.10.jar:/Users/mohamed/.m2/repository/org/nuxeo/ecm/platform/nuxeo-platform-comment-api/10.10/nuxeo-platform-comment-api-10.10.jar:/Users/mohamed/.m2/repository/commons-logging/commons-logging/1.2/commons-logging-1.2.jar:/Users/mohamed/.m2/repository/org/apache/logging/log4j/log4j-api/2.11.1/log4j-api-2.11.1.jar:/Users/mohamed/.m2/repository/org/apache/logging/log4j/log4j-core/2.11.1/log4j-core-2.11.1.jar:/Users/mohamed/.m2/repository/org/apache/logging/log4j/log4j-jcl/2.11.1/log4j-jcl-2.11.1.jar:/Users/mohamed/.m2/repository/org/apache/logging/log4j/log4j-slf4j-impl/2.11.1/log4j-slf4j-impl-2.11.1.jar:/Users/mohamed/.m2/repository/org/slf4j/slf4j-api/1.7.25/slf4j-api-1.7.25.jar:/Users/mohamed/.m2/repository/org/apache/logging/log4j/log4j-1.2-api/2.11.1/log4j-1.2-api-2.11.1.jar:/Users/mohamed/.m2/repository/junit/junit/4.12/junit-4.12.jar:/Users/mohamed/.m2/repository/org/hamcrest/hamcrest-core/1.3/hamcrest-core-1.3.jar:"/>
    <property name="sun.cpu.endian" value="little"/>
    <property name="user.home" value="/Users/mohamed"/>
    <property name="user.language" value="fr"/>
    <property name="java.specification.vendor" value="Oracle Corporation"/>
    <property name="nuxeo.test.vcs.port" value=""/>
    <property name="java.home" value="/Library/Java/JavaVirtualMachines/jdk1.8.0_172.jdk/Contents/Home/jre"/>
    <property name="file.separator" value="/"/>
    <property name="basedir" value="/Users/mohamed/Desktop/nuxeo-csv/nuxeo-csv-core"/>
    <property name="line.separator" value="&#10;"/>
    <property name="java.vm.specification.vendor" value="Oracle Corporation"/>
    <property name="java.specification.name" value="Java Platform API Specification"/>
    <property name="java.awt.graphicsenv" value="sun.awt.CGraphicsEnvironment"/>
    <property name="nuxeo.test.marklogic.host" value=""/>
    <property name="nuxeo.test.core" value="vcs"/>
    <property name="nuxeo.test.vcs.url" value=""/>
    <property name="surefire.real.class.path" value="/Users/mohamed/Desktop/nuxeo-csv/nuxeo-csv-core/target/surefire/surefirebooter6456588364645765428.jar"/>
    <property name="sun.boot.class.path" value="/Library/Java/JavaVirtualMachines/jdk1.8.0_172.jdk/Contents/Home/jre/lib/resources.jar:/Library/Java/JavaVirtualMachines/jdk1.8.0_172.jdk/Contents/Home/jre/lib/rt.jar:/Library/Java/JavaVirtualMachines/jdk1.8.0_172.jdk/Contents/Home/jre/lib/sunrsasign.jar:/Library/Java/JavaVirtualMachines/jdk1.8.0_172.jdk/Contents/Home/jre/lib/jsse.jar:/Library/Java/JavaVirtualMachines/jdk1.8.0_172.jdk/Contents/Home/jre/lib/jce.jar:/Library/Java/JavaVirtualMachines/jdk1.8.0_172.jdk/Contents/Home/jre/lib/charsets.jar:/Library/Java/JavaVirtualMachines/jdk1.8.0_172.jdk/Contents/Home/jre/lib/jfr.jar:/Library/Java/JavaVirtualMachines/jdk1.8.0_172.jdk/Contents/Home/jre/classes"/>
    <property name="sun.management.compiler" value="HotSpot 64-Bit Tiered Compilers"/>
    <property name="ftp.nonProxyHosts" value="local|*.local|169.254/16|*.169.254/16"/>
    <property name="java.runtime.version" value="1.8.0_172-b11"/>
    <property name="user.name" value="mohamed"/>
    <property name="path.separator" value=":"/>
    <property name="nuxeo.test.marklogic.user" value=""/>
    <property name="os.version" value="10.15.2"/>
    <property name="java.endorsed.dirs" value="/Library/Java/JavaVirtualMachines/jdk1.8.0_172.jdk/Contents/Home/jre/lib/endorsed"/>
    <property name="java.runtime.name" value="Java(TM) SE Runtime Environment"/>
    <property name="nuxeo.test.vcs.database" value=""/>
    <property name="file.encoding" value="UTF-8"/>
    <property name="java.vm.name" value="Java HotSpot(TM) 64-Bit Server VM"/>
    <property name="nuxeo.test.vcs.user" value=""/>
    <property name="localRepository" value="/Users/mohamed/.m2/repository"/>
    <property name="nuxeo.test.marklogic.password" value=""/>
    <property name="java.vendor.url.bug" value="http://bugreport.sun.com/bugreport/"/>
    <property name="java.io.tmpdir" value="/var/folders/hv/6z0wgdm93rj_gqjdwb7jtv3c0000gn/T/"/>
    <property name="java.version" value="1.8.0_172"/>
    <property name="user.dir" value="/Users/mohamed/Desktop/nuxeo-csv/nuxeo-csv-core"/>
    <property name="os.arch" value="x86_64"/>
    <property name="java.vm.specification.name" value="Java Virtual Machine Specification"/>
    <property name="java.awt.printerjob" value="sun.lwawt.macosx.CPrinterJob"/>
    <property name="nuxeo.test.vcs.db" value=""/>
    <property name="sun.os.patch.level" value="unknown"/>
    <property name="java.library.path" value="/Users/mohamed/Library/Java/Extensions:/Library/Java/Extensions:/Network/Library/Java/Extensions:/System/Library/Java/Extensions:/usr/lib/java:."/>
    <property name="java.vendor" value="Oracle Corporation"/>
    <property name="java.vm.info" value="mixed mode"/>
    <property name="java.vm.version" value="25.172-b11"/>
    <property name="sun.io.unicode.encoding" value="UnicodeBig"/>
    <property name="java.ext.dirs" value="/Users/mohamed/Library/Java/Extensions:/Library/Java/JavaVirtualMachines/jdk1.8.0_172.jdk/Contents/Home/jre/lib/ext:/Library/Java/Extensions:/Network/Library/Java/Extensions:/System/Library/Java/Extensions:/usr/lib/java"/>
    <property name="nuxeo.test.marklogic.dbname" value=""/>
    <property name="java.class.version" value="52.0"/>
    <property name="socksNonProxyHosts" value="local|*.local|169.254/16|*.169.254/16"/>
  </properties>
  <testcase name="testImportOperation" classname="org.nuxeo.ecm.csv.core.operation.TestImportOperation" time="2.168"/>
</testsuite>